Unity Editor version:    2020.3.17f1 (a4537701e4ab)
Branch:                  2020.3/staging
Build type:              Release
Batch mode:              YES
macOS version:           Version 11.6 (Build 20G165)
Darwin version:          20.6.0
Architecture:            x86_64
Running under Rosetta:   YES
Available memory:        8192 MB
Using pre-set license
Pro License: NO

COMMAND LINE ARGUMENTS:
/Applications/Unity/Hub/Editor/2020.3.17f1/Unity.app/Contents/MacOS/Unity
-adb2
-batchMode
-noUpm
-name
AssetImportWorker0
-projectPath
/Users/ptchp/Documents/GitHub/VRFinalAssignment/FinalVRProject
-logFile
Logs/AssetImportWorker0.log
-srvPort
59937
Successfully changed project path to: /Users/ptchp/Documents/GitHub/VRFinalAssignment/FinalVRProject
/Users/ptchp/Documents/GitHub/VRFinalAssignment/FinalVRProject
Using Asset Import Pipeline V2.
Refreshing native plugins compatible for Editor in 397.93 ms, found 7 plugins.
Preloading 1 native plugins for Editor in 18.63 ms.
Initialize engine version: 2020.3.17f1 (a4537701e4ab)
[Subsystems] Discovering subsystems at path /Applications/Unity/Hub/Editor/2020.3.17f1/Unity.app/Contents/Resources/UnitySubsystems
[Subsystems] Discovering subsystems at path /Users/ptchp/Documents/GitHub/VRFinalAssignment/FinalVRProject/Assets
GfxDevice: creating device client; threaded=0
2021-12-14 18:46:00.762 Unity[62856:27253985] (null) preferred device: Apple M1 (high power)
2021-12-14 18:46:00.762 Unity[62856:27253985] Metal devices available: 1
2021-12-14 18:46:00.762 Unity[62856:27253985] 0: Apple M1 (high power)
2021-12-14 18:46:00.762 Unity[62856:27253985] Using device Apple M1 (high power)
Initializing Metal device caps: Apple M1
Shader 'Oculus/OVRMRCameraFrameLit': fallback shader 'Alpha-Diffuse' not found
Initialize mono
Mono path[0] = '/Applications/Unity/Hub/Editor/2020.3.17f1/Unity.app/Contents/Managed'
Mono path[1] = '/Applications/Unity/Hub/Editor/2020.3.17f1/Unity.app/Contents/MonoBleedingEdge/lib/mono/unityjit'
Mono config path = '/Applications/Unity/Hub/Editor/2020.3.17f1/Unity.app/Contents/MonoBleedingEdge/etc'
Using monoOptions --debugger-agent=transport=dt_socket,embedding=1,server=y,suspend=n,address=127.0.0.1:56856
Begin MonoManager ReloadAssembly
Registering precompiled unity dll's ...
Register platform support module: /Applications/Unity/Hub/Editor/2020.3.17f1/Unity.app/Contents/PlaybackEngines/MacStandaloneSupport/UnityEditor.OSXStandalone.Extensions.dll
Registered in 0.001546 seconds.
Native extension for OSXStandalone target not found
Refreshing native plugins compatible for Editor in 107.64 ms, found 7 plugins.
Preloading 1 native plugins for Editor in 0.49 ms.
Mono: successfully reloaded assembly
- Completed reload, in  2.597 seconds
Domain Reload Profiling:
	ReloadAssembly (2597ms)
		BeginReloadAssembly (157ms)
			ExecutionOrderSort (0ms)
			DisableScriptedObjects (0ms)
			BackupInstance (0ms)
			ReleaseScriptingObjects (0ms)
			CreateAndSetChildDomain (3ms)
		EndReloadAssembly (973ms)
			LoadAssemblies (153ms)
			RebuildTransferFunctionScriptingTraits (1ms)
			SetupTypeCache (198ms)
			ReleaseScriptCaches (0ms)
			RebuildScriptCaches (45ms)
			SetupLoadedEditorAssemblies (574ms)
				LogAssemblyErrors (0ms)
				InitializePlatformSupportModulesInManaged (10ms)
				SetLoadedEditorAssemblies (0ms)
				RefreshPlugins (108ms)
				BeforeProcessingInitializeOnLoad (25ms)
				ProcessInitializeOnLoadAttributes (306ms)
				ProcessInitializeOnLoadMethodAttributes (123ms)
				AfterProcessingInitializeOnLoad (0ms)
				EditorAssembliesLoaded (1ms)
			ExecutionOrderSort2 (0ms)
			AwakeInstancesAfterBackupRestoration (0ms)
Platform modules already initialized, skipping
Registering precompiled user dll's ...
Registered in 0.007305 seconds.
Begin MonoManager ReloadAssembly
Native extension for OSXStandalone target not found
Refreshing native plugins compatible for Editor in 158.77 ms, found 7 plugins.
Preloading 1 native plugins for Editor in 0.88 ms.
Mono: successfully reloaded assembly
- Completed reload, in  3.846 seconds
Domain Reload Profiling:
	ReloadAssembly (3847ms)
		BeginReloadAssembly (274ms)
			ExecutionOrderSort (0ms)
			DisableScriptedObjects (30ms)
			BackupInstance (0ms)
			ReleaseScriptingObjects (0ms)
			CreateAndSetChildDomain (41ms)
		EndReloadAssembly (3478ms)
			LoadAssemblies (240ms)
			RebuildTransferFunctionScriptingTraits (0ms)
			SetupTypeCache (512ms)
			ReleaseScriptCaches (1ms)
			RebuildScriptCaches (102ms)
			SetupLoadedEditorAssemblies (2167ms)
				LogAssemblyErrors (0ms)
				InitializePlatformSupportModulesInManaged (15ms)
				SetLoadedEditorAssemblies (0ms)
				RefreshPlugins (160ms)
				BeforeProcessingInitializeOnLoad (185ms)
				ProcessInitializeOnLoadAttributes (1790ms)
				ProcessInitializeOnLoadMethodAttributes (15ms)
				AfterProcessingInitializeOnLoad (1ms)
				EditorAssembliesLoaded (0ms)
			ExecutionOrderSort2 (0ms)
			AwakeInstancesAfterBackupRestoration (32ms)
Platform modules already initialized, skipping
Validating Project structure ... 0.034842 seconds.
Shader import version has changed; will reimport all shaders...
Upgrading shader files ...0.087211 seconds.
Application.AssetDatabase Initial Script Refresh Start
RefreshInfo: InitialScriptRefreshV2(NoUpdateAssetOptions) scanfilter:  ... 1 filters
RefreshProfiler: Total: 0.000ms
Application.AssetDatabase Initial Script Refresh End
Application.AssetDatabase.Refresh Start
Application.AssetDatabase.Refresh End
RefreshInfo: StopAssetImportingV2(ForceSynchronousImport) scanfilter: 
RefreshProfiler: Total: 0.000ms
Shader 'Oculus/OVRMRCameraFrameLit': fallback shader 'Alpha-Diffuse' not found
Launching external process: /Applications/Unity/Hub/Editor/2020.3.17f1/Unity.app/Contents/Tools/UnityShaderCompiler
Launched and connected shader compiler UnityShaderCompiler after 0.07 seconds
Initializing Unity extensions:
========================================================================
Worker process is ready to serve import requests
Shader 'Oculus/OVRMRCameraFrameLit': fallback shader 'Alpha-Diffuse' not found
Refreshing native plugins compatible for Editor in 1.46 ms, found 7 plugins.
Preloading 1 native plugins for Editor in 0.48 ms.
Unloading 5021 Unused Serialized files (Serialized files now loaded: 0)
System memory in use before: 414.3 MB.
System memory in use after: 411.7 MB.

Unloading 597 unused Assets to reduce memory usage. Loaded Objects now: 5504.
Total: 5.382167 ms (FindLiveObjects: 0.515000 ms CreateObjectMapping: 0.158000 ms MarkObjects: 3.225083 ms  DeleteObjects: 1.483000 ms)

AssetImportParameters requested are different than current active one (requested -> active):
  custom:video-decoder-ogg-theora: a1e56fd34408186e4bbccfd4996cb3dc -> 
  custom:container-muxer-webm: aa71ff27fc2769a1b78a27578f13a17b -> 
  custom:container-demuxer-webm: 4f35f7cbe854078d1ac9338744f61a02 -> 
  custom:container-demuxer-ogg: 62fdf1f143b41e24485cea50d1cbac27 -> 
  custom:video-encoder-webm-vp8: eb34c28f22e8b96e1ab97ce403110664 -> 
  custom:framework-osx-AVFoundation: e770b220cccbd017edd2c1fefb359320 -> 
  custom:video-decoder-webm-vp8: 9c59270c3fd7afecdb556c50c9e8de78 -> 
  custom:audio-decoder-ogg-vorbis: bf7c407c2cedff20999df2af8eb42d56 -> 
  custom:audio-encoder-webm-vorbis: bf7c407c2cedff20999df2af8eb42d56 -> 
========================================================================
Received Import Request.
  path: Assets/Scenes/foodTruck.unity
  artifactKey: Guid(aa352858dab3f4d79a413701f66a4981) Importer(815301076,1909f56bfc062723c751e8b465ee728b)
Start importing Assets/Scenes/foodTruck.unity using Guid(aa352858dab3f4d79a413701f66a4981) Importer(815301076,1909f56bfc062723c751e8b465ee728b)  -> (artifact id: '14d25cdc336f6eba8ba23d2147f33f42') in 0.027390 seconds 
  Import took 0.035437 seconds .

========================================================================
Received Import Request.
  Time since last request: 159.266950 seconds.
  path: Assets/food/subway-bar/source/RubberBlackCircleBump_N/SubwayBar_Release.fbx
  artifactKey: Guid(fefbc2a5e49724c239430d414a3d0aa9) Importer(815301076,1909f56bfc062723c751e8b465ee728b)
Start importing Assets/food/subway-bar/source/RubberBlackCircleBump_N/SubwayBar_Release.fbx using Guid(fefbc2a5e49724c239430d414a3d0aa9) Importer(815301076,1909f56bfc062723c751e8b465ee728b)  -> (artifact id: '8e87307cf46677989d8b3728a7e5df25') in 2.816408 seconds 
  Import took 2.868047 seconds .

========================================================================
Received Import Request.
  Time since last request: 0.009968 seconds.
  path: Assets/food/subway-bar/source/RubberBlackCircleBump_N/SubwayBar_Release.fbx
  artifactKey: Guid(fefbc2a5e49724c239430d414a3d0aa9) Importer(815301076,1909f56bfc062723c751e8b465ee728b)
Start importing Assets/food/subway-bar/source/RubberBlackCircleBump_N/SubwayBar_Release.fbx using Guid(fefbc2a5e49724c239430d414a3d0aa9) Importer(815301076,1909f56bfc062723c751e8b465ee728b)  -> (artifact id: '8e87307cf46677989d8b3728a7e5df25') in 0.972960 seconds 
  Import took 0.989006 seconds .

========================================================================
Received Import Request.
  Time since last request: 17.393124 seconds.
  path: Assets/New Terrain.asset
  artifactKey: Guid(d30a3af66090d48368e05d43fcab2227) Importer(815301076,1909f56bfc062723c751e8b465ee728b)
Start importing Assets/New Terrain.asset using Guid(d30a3af66090d48368e05d43fcab2227) Importer(815301076,1909f56bfc062723c751e8b465ee728b)  -> (artifact id: 'c360b8c6e106bba4292cae70defaca9a') in 0.338675 seconds 
  Import took 0.388662 seconds .

========================================================================
Received Import Request.
  Time since last request: 22.278080 seconds.
  path: Assets/Oculus/SampleFramework/Usage/HandsTrainExample/Models/TrainPalette.FBX
  artifactKey: Guid(bd0bb729cb6159b4ab21c5f62cad24ee) Importer(815301076,1909f56bfc062723c751e8b465ee728b)
Start importing Assets/Oculus/SampleFramework/Usage/HandsTrainExample/Models/TrainPalette.FBX using Guid(bd0bb729cb6159b4ab21c5f62cad24ee) Importer(815301076,1909f56bfc062723c751e8b465ee728b)  -> (artifact id: '53339b7555f882e801712b9ce36fb254') in 1.454012 seconds 
  Import took 1.507396 seconds .

========================================================================
Received Import Request.
  Time since last request: 0.012291 seconds.
  path: Assets/_Course Library/Models/Fan_A_1.fbx
  artifactKey: Guid(748c068008049a445b43e59d1fcb1485) Importer(815301076,1909f56bfc062723c751e8b465ee728b)
Start importing Assets/_Course Library/Models/Fan_A_1.fbx using Guid(748c068008049a445b43e59d1fcb1485) Importer(815301076,1909f56bfc062723c751e8b465ee728b)  -> (artifact id: 'c9ade0accbb556fd277f8f5b4251b458') in 0.076873 seconds 
  Import took 0.088475 seconds .

========================================================================
Received Import Request.
  Time since last request: 0.000611 seconds.
  path: Assets/birdcage/bird models/whiteparrot/12259_Bird_v1_L2.obj
  artifactKey: Guid(0bb4db96bbf93184998dd088eb68f91a) Importer(815301076,1909f56bfc062723c751e8b465ee728b)
Start importing Assets/birdcage/bird models/whiteparrot/12259_Bird_v1_L2.obj using Guid(0bb4db96bbf93184998dd088eb68f91a) Importer(815301076,1909f56bfc062723c751e8b465ee728b)  -> (artifact id: '3c93167493f6df83a7af99f7b783780c') in 0.898253 seconds 
  Import took 0.914187 seconds .

========================================================================
Received Import Request.
  Time since last request: 0.004803 seconds.
  path: Assets/food/white food truck/export to sketchfab.fbx
  artifactKey: Guid(e86c8d54d3e2b43588f14dfc6d9338f1) Importer(815301076,1909f56bfc062723c751e8b465ee728b)
Start importing Assets/food/white food truck/export to sketchfab.fbx using Guid(e86c8d54d3e2b43588f14dfc6d9338f1) Importer(815301076,1909f56bfc062723c751e8b465ee728b)  -> (artifact id: '9b9b8872abca2ead5cd0f4c73b712ff3') in 3.090323 seconds 
  Import took 3.105187 seconds .

========================================================================
Received Import Request.
  Time since last request: 0.027635 seconds.
  path: Assets/_Course Library/Models/Slider_1.fbx
  artifactKey: Guid(2e68c8d1a02debb4d8c26e384e21498a) Importer(815301076,1909f56bfc062723c751e8b465ee728b)
Start importing Assets/_Course Library/Models/Slider_1.fbx using Guid(2e68c8d1a02debb4d8c26e384e21498a) Importer(815301076,1909f56bfc062723c751e8b465ee728b)  -> (artifact id: 'b7b3a1ffca95bec7bc676dfbd173cd6e') in 0.056605 seconds 
  Import took 0.068046 seconds .

========================================================================
Received Import Request.
  Time since last request: 0.000781 seconds.
  path: Assets/_Course Library/Models/Slider_2.FBX
  artifactKey: Guid(dcbacd2e11ea73b4ea57e56fed4ae4b8) Importer(815301076,1909f56bfc062723c751e8b465ee728b)
Start importing Assets/_Course Library/Models/Slider_2.FBX using Guid(dcbacd2e11ea73b4ea57e56fed4ae4b8) Importer(815301076,1909f56bfc062723c751e8b465ee728b)  -> (artifact id: '6477595bd0d183651bdebf4fc8137d01') in 0.068979 seconds 
  Import took 0.080323 seconds .

========================================================================
Received Import Request.
  Time since last request: 0.000311 seconds.
  path: Assets/_Course Library/Models/Clock_Digital.FBX
  artifactKey: Guid(db825e9dcb189af418a836ed20a68ac8) Importer(815301076,1909f56bfc062723c751e8b465ee728b)
Start importing Assets/_Course Library/Models/Clock_Digital.FBX using Guid(db825e9dcb189af418a836ed20a68ac8) Importer(815301076,1909f56bfc062723c751e8b465ee728b)  -> (artifact id: '54c2f5482ca4969a03db47dc949e2173') in 0.034357 seconds 
  Import took 0.046252 seconds .

========================================================================
Received Import Request.
  Time since last request: 0.000628 seconds.
  path: Assets/_Course Library/Models/Plant_Snake.fbx
  artifactKey: Guid(fe0f3b6d90cb7de4c8d4741bf31c5a6b) Importer(815301076,1909f56bfc062723c751e8b465ee728b)
Start importing Assets/_Course Library/Models/Plant_Snake.fbx using Guid(fe0f3b6d90cb7de4c8d4741bf31c5a6b) Importer(815301076,1909f56bfc062723c751e8b465ee728b)  -> (artifact id: 'fdd6cf061a602d64969dd7cb09b22906') in 0.024650 seconds 
  Import took 0.033506 seconds .

========================================================================
Received Import Request.
  Time since last request: 0.000236 seconds.
  path: Assets/_Course Library/Models/Plant_Pot_Round.fbx
  artifactKey: Guid(3f653719e6a05cc4d920120a8ec8f03b) Importer(815301076,1909f56bfc062723c751e8b465ee728b)
Start importing Assets/_Course Library/Models/Plant_Pot_Round.fbx using Guid(3f653719e6a05cc4d920120a8ec8f03b) Importer(815301076,1909f56bfc062723c751e8b465ee728b)  -> (artifact id: '9916fd94b34dcfa20d037debdfed2a47') in 0.035451 seconds 
  Import took 0.044464 seconds .

========================================================================
Received Import Request.
  Time since last request: 0.000347 seconds.
  path: Assets/Hippopotamus/source/Hippopotamus.fbx
  artifactKey: Guid(b3d5a66a9ded3044ab06fe1d78e047c4) Importer(815301076,1909f56bfc062723c751e8b465ee728b)
Start importing Assets/Hippopotamus/source/Hippopotamus.fbx using Guid(b3d5a66a9ded3044ab06fe1d78e047c4) Importer(815301076,1909f56bfc062723c751e8b465ee728b)  -> (artifact id: '53acd4059d29bf767307f411e024d31f') in 0.065239 seconds 
  Import took 0.074823 seconds .

========================================================================
Received Import Request.
  Time since last request: 0.000305 seconds.
  path: Assets/Prefabs/Foodtruck/terraza-food-truck/source/2020 03 19 MODELO ESTUDIO/2020 03 19 MODELO ESTUDIO.fbx
  artifactKey: Guid(a2b3df90a1f7a4d05818035874e1dac3) Importer(815301076,1909f56bfc062723c751e8b465ee728b)
Start importing Assets/Prefabs/Foodtruck/terraza-food-truck/source/2020 03 19 MODELO ESTUDIO/2020 03 19 MODELO ESTUDIO.fbx using Guid(a2b3df90a1f7a4d05818035874e1dac3) Importer(815301076,1909f56bfc062723c751e8b465ee728b)  -> (artifact id: '33fa9dddbeb8838be849607bfbcd4418') in 3.949937 seconds 
  Import took 3.978190 seconds .

========================================================================
Received Import Request.
  Time since last request: 0.032838 seconds.
  path: Assets/Hippopotamus/source/HippopotamusW_Texture.fbx
  artifactKey: Guid(d5e167fc0f33f7c4c8a12db02abc8d98) Importer(815301076,1909f56bfc062723c751e8b465ee728b)
Start importing Assets/Hippopotamus/source/HippopotamusW_Texture.fbx using Guid(d5e167fc0f33f7c4c8a12db02abc8d98) Importer(815301076,1909f56bfc062723c751e8b465ee728b)  -> (artifact id: 'ea71c006d294930c60870376abdff818') in 0.053986 seconds 
  Import took 0.067434 seconds .

========================================================================
Received Import Request.
  Time since last request: 0.000363 seconds.
  path: Assets/birdcage/bird models/greenheadduck/12248_Bird_v1_L2.obj
  artifactKey: Guid(914b8ab1f2870504cb22f3cb0ce0e24d) Importer(815301076,1909f56bfc062723c751e8b465ee728b)
Start importing Assets/birdcage/bird models/greenheadduck/12248_Bird_v1_L2.obj using Guid(914b8ab1f2870504cb22f3cb0ce0e24d) Importer(815301076,1909f56bfc062723c751e8b465ee728b)  -> (artifact id: '93c2f1033227369cb23601aeb81b3a3b') in 0.039338 seconds 
  Import took 0.053238 seconds .

========================================================================
Received Import Request.
  Time since last request: 0.000377 seconds.
  path: Assets/StarterAssets/Environment/Art/Models/Stairs_650_400_300_Mesh.fbx
  artifactKey: Guid(7e0223e1d3e1733499accfa5ebffb67e) Importer(815301076,1909f56bfc062723c751e8b465ee728b)
Start importing Assets/StarterAssets/Environment/Art/Models/Stairs_650_400_300_Mesh.fbx using Guid(7e0223e1d3e1733499accfa5ebffb67e) Importer(815301076,1909f56bfc062723c751e8b465ee728b)  -> (artifact id: 'a19fc3661ba5869b3851c9960e9ea353') in 0.045130 seconds 
  Import took 0.058628 seconds .

========================================================================
Received Import Request.
  Time since last request: 0.000430 seconds.
  path: Assets/Hippopotamus/source/HippopotamusColor.fbx
  artifactKey: Guid(0367bf73c48c49b4190b8d7b27121522) Importer(815301076,1909f56bfc062723c751e8b465ee728b)
Start importing Assets/Hippopotamus/source/HippopotamusColor.fbx using Guid(0367bf73c48c49b4190b8d7b27121522) Importer(815301076,1909f56bfc062723c751e8b465ee728b)  -> (artifact id: 'd27bb44deab30afa30f82030c680cac9') in 0.051369 seconds 
  Import took 0.061321 seconds .

========================================================================
Received Import Request.
  Time since last request: 0.000277 seconds.
  path: Assets/StarterAssets/Environment/Art/Models/Ramp_Mesh.fbx
  artifactKey: Guid(426a2785f8a940049aac2c246661cf09) Importer(815301076,1909f56bfc062723c751e8b465ee728b)
Start importing Assets/StarterAssets/Environment/Art/Models/Ramp_Mesh.fbx using Guid(426a2785f8a940049aac2c246661cf09) Importer(815301076,1909f56bfc062723c751e8b465ee728b)  -> (artifact id: '6a49b3cc14741052c0179f0173156223') in 0.042518 seconds 
  Import took 0.051102 seconds .

========================================================================
Received Import Request.
  Time since last request: 0.000306 seconds.
  path: Assets/StarterAssets/Environment/Art/Models/Stairs_200x100x200_Mesh.fbx
  artifactKey: Guid(fce3bf5a5b603db45ab0048fb6ab44df) Importer(815301076,1909f56bfc062723c751e8b465ee728b)
Start importing Assets/StarterAssets/Environment/Art/Models/Stairs_200x100x200_Mesh.fbx using Guid(fce3bf5a5b603db45ab0048fb6ab44df) Importer(815301076,1909f56bfc062723c751e8b465ee728b)  -> (artifact id: '331e3f0abfd701f5f0d18109dd307f48') in 0.052033 seconds 
  Import took 0.060402 seconds .

========================================================================
Received Import Request.
  Time since last request: 0.000402 seconds.
  path: Assets/food/terraza-food-truck/source/2020 03 19 MODELO ESTUDIO/2020 03 19 MODELO ESTUDIO.fbx
  artifactKey: Guid(58a6194c99f19490d87ec1f80324663a) Importer(815301076,1909f56bfc062723c751e8b465ee728b)
Start importing Assets/food/terraza-food-truck/source/2020 03 19 MODELO ESTUDIO/2020 03 19 MODELO ESTUDIO.fbx using Guid(58a6194c99f19490d87ec1f80324663a) Importer(815301076,1909f56bfc062723c751e8b465ee728b)  -> (artifact id: 'a1e7cf5ef6bcfa882f0eff65b1d6a9b9') in 3.870607 seconds 
  Import took 3.888278 seconds .

========================================================================
Received Import Request.
  Time since last request: 0.031793 seconds.
  path: Assets/_Course Library/Models/Lever_1.fbx
  artifactKey: Guid(dfd4d258abd5f534a8fa081e381d9887) Importer(815301076,1909f56bfc062723c751e8b465ee728b)
Start importing Assets/_Course Library/Models/Lever_1.fbx using Guid(dfd4d258abd5f534a8fa081e381d9887) Importer(815301076,1909f56bfc062723c751e8b465ee728b)  -> (artifact id: '88f2d8794093196c63dc88598b69fd70') in 0.061313 seconds 
  Import took 0.072836 seconds .

========================================================================
Received Import Request.
  Time since last request: 0.000620 seconds.
  path: Assets/birdcage/bird models/nongguag/12260_Bird_Toucan_v3_l2.obj
  artifactKey: Guid(7db26a889094ce741a797ba92852ae5d) Importer(815301076,1909f56bfc062723c751e8b465ee728b)
Start importing Assets/birdcage/bird models/nongguag/12260_Bird_Toucan_v3_l2.obj using Guid(7db26a889094ce741a797ba92852ae5d) Importer(815301076,1909f56bfc062723c751e8b465ee728b)  -> (artifact id: '62dbd5ec55b2a8c116563fdcfff48490') in 0.031882 seconds 
  Import took 0.041288 seconds .

========================================================================
Received Import Request.
  Time since last request: 0.000351 seconds.
  path: Assets/_Course Library/Models/Button_1.fbx
  artifactKey: Guid(a6686a70d840b52429001a751b157c1b) Importer(815301076,1909f56bfc062723c751e8b465ee728b)
Start importing Assets/_Course Library/Models/Button_1.fbx using Guid(a6686a70d840b52429001a751b157c1b) Importer(815301076,1909f56bfc062723c751e8b465ee728b)  -> (artifact id: 'cff62969a52b15e2ef8180e472f37793') in 0.029887 seconds 
  Import took 0.040860 seconds .

========================================================================
Received Import Request.
  Time since last request: 0.000837 seconds.
  path: Assets/_Course Library/Models/Dimmer_2.FBX
  artifactKey: Guid(33a1c756b70d2774491855713431eb4d) Importer(815301076,1909f56bfc062723c751e8b465ee728b)
Start importing Assets/_Course Library/Models/Dimmer_2.FBX using Guid(33a1c756b70d2774491855713431eb4d) Importer(815301076,1909f56bfc062723c751e8b465ee728b)  -> (artifact id: 'dafe1b5a46b50ec198ba95575a8d324e') in 0.063797 seconds 
  Import took 0.073571 seconds .

========================================================================
Received Import Request.
  Time since last request: 0.000436 seconds.
  path: Assets/birdcage/bird models/yellow bird/12214_Bird_v1max_l3.obj
  artifactKey: Guid(d8b6043f0b00a434cac3423dcd062dbb) Importer(815301076,1909f56bfc062723c751e8b465ee728b)
Start importing Assets/birdcage/bird models/yellow bird/12214_Bird_v1max_l3.obj using Guid(d8b6043f0b00a434cac3423dcd062dbb) Importer(815301076,1909f56bfc062723c751e8b465ee728b)  -> (artifact id: '1d165414a97630944302d8a3daf45bf9') in 0.047668 seconds 
  Import took 0.056910 seconds .

========================================================================
Received Import Request.
  Time since last request: 0.000308 seconds.
  path: Assets/Tigers/Materials/17996_FbxTemp_0003.mat
  artifactKey: Guid(b1213f0b461e04000b1915c2c05b9aed) Importer(815301076,1909f56bfc062723c751e8b465ee728b)
Start importing Assets/Tigers/Materials/17996_FbxTemp_0003.mat using Guid(b1213f0b461e04000b1915c2c05b9aed) Importer(815301076,1909f56bfc062723c751e8b465ee728b)  -> (artifact id: 'ce070220caa1c8eb03530dda91b0ca69') in 0.854514 seconds 
  Import took 0.864782 seconds .

========================================================================
Received Import Request.
  Time since last request: 0.003497 seconds.
  path: Assets/birdcage/bird models/ducklesscolor/12249_Bird_v1_L2.obj
  artifactKey: Guid(2a66f7b05bc0a10428fb75940b5268e1) Importer(815301076,1909f56bfc062723c751e8b465ee728b)
Start importing Assets/birdcage/bird models/ducklesscolor/12249_Bird_v1_L2.obj using Guid(2a66f7b05bc0a10428fb75940b5268e1) Importer(815301076,1909f56bfc062723c751e8b465ee728b)  -> (artifact id: 'a17b9615fbb49f54e23c3610da6271c9') in 0.037556 seconds 
  Import took 0.046084 seconds .

========================================================================
Received Import Request.
  Time since last request: 0.000296 seconds.
  path: Assets/Oculus/SampleFramework/Usage/HandsTrainExample/Models/ControllerBox.FBX
  artifactKey: Guid(6ea491f82329b774d8b8af4a409d8d03) Importer(815301076,1909f56bfc062723c751e8b465ee728b)
Start importing Assets/Oculus/SampleFramework/Usage/HandsTrainExample/Models/ControllerBox.FBX using Guid(6ea491f82329b774d8b8af4a409d8d03) Importer(815301076,1909f56bfc062723c751e8b465ee728b)  -> (artifact id: '65f2efe160262d7e2cd71ef0b3366aee') in 0.295346 seconds 
  Import took 0.304881 seconds .

========================================================================
Received Import Request.
  Time since last request: 0.002662 seconds.
  path: Assets/_Course Library/Models/Dimmer_1.fbx
  artifactKey: Guid(474d742cc0076d3428ba1caf5382a962) Importer(815301076,1909f56bfc062723c751e8b465ee728b)
Start importing Assets/_Course Library/Models/Dimmer_1.fbx using Guid(474d742cc0076d3428ba1caf5382a962) Importer(815301076,1909f56bfc062723c751e8b465ee728b)  -> (artifact id: '88dd4edc5ba8470543364389682a2975') in 0.056809 seconds 
  Import took 0.064417 seconds .

========================================================================
Received Import Request.
  Time since last request: 75.137098 seconds.
  path: Assets/food/ice-lantern
  artifactKey: Guid(9bd1a4bda85724a14988bdb93630851a) Importer(815301076,1909f56bfc062723c751e8b465ee728b)
Start importing Assets/food/ice-lantern using Guid(9bd1a4bda85724a14988bdb93630851a) Importer(815301076,1909f56bfc062723c751e8b465ee728b)  -> (artifact id: '886b58d7b3a93d3960daab9ea9714d9d') in 0.002576 seconds 
  Import took 0.052073 seconds .

========================================================================
Received Import Request.
  Time since last request: 1.568005 seconds.
  path: Assets/food/ice-lantern/source
  artifactKey: Guid(d520fa24217fe42d7acc01462d2621c5) Importer(815301076,1909f56bfc062723c751e8b465ee728b)
Start importing Assets/food/ice-lantern/source using Guid(d520fa24217fe42d7acc01462d2621c5) Importer(815301076,1909f56bfc062723c751e8b465ee728b)  -> (artifact id: '1fc3f57ed2118bcee3d49948ac6def59') in 0.001083 seconds 
  Import took 0.015318 seconds .

========================================================================
Received Import Request.
  Time since last request: 0.055344 seconds.
  path: Assets/food/ice-lantern/source/checkpoint2.fbx
  artifactKey: Guid(4c3db93744c1542dfb787eff52407a24) Importer(815301076,1909f56bfc062723c751e8b465ee728b)
Start importing Assets/food/ice-lantern/source/checkpoint2.fbx using Guid(4c3db93744c1542dfb787eff52407a24) Importer(815301076,1909f56bfc062723c751e8b465ee728b)  -> (artifact id: 'ba685613c50a7e5b86e61792e2b5ce3a') in 0.050057 seconds 
  Import took 0.061249 seconds .

========================================================================
Received Import Request.
  Time since last request: 104.413562 seconds.
  path: Assets/food/ice-lantern/textures/checkPointTexture.png
  artifactKey: Guid(f0de659772e0b4412bd1db99a31d924c) Importer(815301076,1909f56bfc062723c751e8b465ee728b)
Start importing Assets/food/ice-lantern/textures/checkPointTexture.png using Guid(f0de659772e0b4412bd1db99a31d924c) Importer(815301076,1909f56bfc062723c751e8b465ee728b)  -> (artifact id: 'bbded4570742ad219c4ac5ee60a5e627') in 0.704679 seconds 
  Import took 0.743055 seconds .

========================================================================
Received Import Request.
  Time since last request: 232.119270 seconds.
  path: Assets/food/forest-place
  artifactKey: Guid(035106206c57b4a718a3ed4023c97e96) Importer(815301076,1909f56bfc062723c751e8b465ee728b)
Start importing Assets/food/forest-place using Guid(035106206c57b4a718a3ed4023c97e96) Importer(815301076,1909f56bfc062723c751e8b465ee728b)  -> (artifact id: '8abc5e291f3c4d1a5418025f34a8bb15') in 0.016665 seconds 
  Import took 0.081184 seconds .

========================================================================
Received Import Request.
  Time since last request: 1.533773 seconds.
  path: Assets/food/forest-place/source
  artifactKey: Guid(78f8ad299d8d1468082da837f5f2c4fa) Importer(815301076,1909f56bfc062723c751e8b465ee728b)
Start importing Assets/food/forest-place/source using Guid(78f8ad299d8d1468082da837f5f2c4fa) Importer(815301076,1909f56bfc062723c751e8b465ee728b)  -> (artifact id: '95ec70d50726815f3a3c25030095aceb') in 0.002487 seconds 
  Import took 0.015666 seconds .

========================================================================
Received Import Request.
  Time since last request: 0.024150 seconds.
  path: Assets/food/forest-place/source
  artifactKey: Guid(78f8ad299d8d1468082da837f5f2c4fa) Importer(815301076,1909f56bfc062723c751e8b465ee728b)
Start importing Assets/food/forest-place/source using Guid(78f8ad299d8d1468082da837f5f2c4fa) Importer(815301076,1909f56bfc062723c751e8b465ee728b)  -> (artifact id: '95ec70d50726815f3a3c25030095aceb') in 0.002278 seconds 
  Import took 0.016648 seconds .

========================================================================
Received Import Request.
  Time since last request: 24.324553 seconds.
  path: Assets/food/forest-place/source/Forest Place.zip
  artifactKey: Guid(4bdf41cf92f534c66bbce1f3465f0e4b) Importer(815301076,1909f56bfc062723c751e8b465ee728b)
Start importing Assets/food/forest-place/source/Forest Place.zip using Guid(4bdf41cf92f534c66bbce1f3465f0e4b) Importer(815301076,1909f56bfc062723c751e8b465ee728b)  -> (artifact id: '61a5f25cdc33f4d8124a7851ab1bc575') in 1.019469 seconds 
  Import took 1.094457 seconds .

========================================================================
Received Import Request.
  Time since last request: 17.022934 seconds.
  path: Assets/food/forest-place/source/Forest Place
  artifactKey: Guid(a040758d2c6ce48449505c112e32f40d) Importer(815301076,1909f56bfc062723c751e8b465ee728b)
Start importing Assets/food/forest-place/source/Forest Place using Guid(a040758d2c6ce48449505c112e32f40d) Importer(815301076,1909f56bfc062723c751e8b465ee728b)  -> (artifact id: '396530e2801d6081de0a6c72a7148ecf') in 0.004435 seconds 
  Import took 0.044402 seconds .

========================================================================
Received Import Request.
  Time since last request: 0.006301 seconds.
  path: Assets/food/forest-place/source/Forest Place
  artifactKey: Guid(a040758d2c6ce48449505c112e32f40d) Importer(815301076,1909f56bfc062723c751e8b465ee728b)
Start importing Assets/food/forest-place/source/Forest Place using Guid(a040758d2c6ce48449505c112e32f40d) Importer(815301076,1909f56bfc062723c751e8b465ee728b)  -> (artifact id: '396530e2801d6081de0a6c72a7148ecf') in 0.001313 seconds 
  Import took 0.012018 seconds .

========================================================================
Received Import Request.
  Time since last request: 0.113371 seconds.
  path: Assets/food/forest-place/source/Forest Place/Bush1.jpg
  artifactKey: Guid(0ecf7bd32fa9048bd92cce62f3c0d6a7) Importer(815301076,1909f56bfc062723c751e8b465ee728b)
Start importing Assets/food/forest-place/source/Forest Place/Bush1.jpg using Guid(0ecf7bd32fa9048bd92cce62f3c0d6a7) Importer(815301076,1909f56bfc062723c751e8b465ee728b)  -> (artifact id: '988ffed29bb3d7aa6f4c06d19c2e8fba') in 0.596044 seconds 
  Import took 0.606071 seconds .

========================================================================
Received Import Request.
  Time since last request: 0.004053 seconds.
  path: Assets/food/forest-place/source/Forest Place/Final_NMap1.jpg
  artifactKey: Guid(56e6b7c8ce4ae4fc5b82e4ce133f7113) Importer(815301076,1909f56bfc062723c751e8b465ee728b)
Start importing Assets/food/forest-place/source/Forest Place/Final_NMap1.jpg using Guid(56e6b7c8ce4ae4fc5b82e4ce133f7113) Importer(815301076,1909f56bfc062723c751e8b465ee728b)  -> (artifact id: '23a668aa84f93ad4dbc222cf94c608db') in 0.076910 seconds 
  Import took 0.086730 seconds .

========================================================================
Received Import Request.
  Time since last request: 0.000311 seconds.
  path: Assets/food/forest-place/source/Forest Place/rocks.jpg
  artifactKey: Guid(d189b0775fd7c4e4dbcc8477cab7db67) Importer(815301076,1909f56bfc062723c751e8b465ee728b)
Start importing Assets/food/forest-place/source/Forest Place/rocks.jpg using Guid(d189b0775fd7c4e4dbcc8477cab7db67) Importer(815301076,1909f56bfc062723c751e8b465ee728b)  -> (artifact id: '191311f91085e18dac29cdfabf8aa698') in 0.012044 seconds 
  Import took 0.022618 seconds .

========================================================================
Received Import Request.
  Time since last request: 0.000655 seconds.
  path: Assets/food/forest-place/source/Forest Place/LRx1DiffuseMap.jpg
  artifactKey: Guid(d86f02e0660c44ced960a40b0a2b2f51) Importer(815301076,1909f56bfc062723c751e8b465ee728b)
Start importing Assets/food/forest-place/source/Forest Place/LRx1DiffuseMap.jpg using Guid(d86f02e0660c44ced960a40b0a2b2f51) Importer(815301076,1909f56bfc062723c751e8b465ee728b)  -> (artifact id: '197c1359f4ac6686964b7e283f2e1762') in 0.012232 seconds 
  Import took 0.025115 seconds .

========================================================================
Received Import Request.
  Time since last request: 0.000459 seconds.
  path: Assets/food/forest-place/source/Forest Place/GRND06.JPG
  artifactKey: Guid(7d456f3305df64409ab0bd7e5122d83f) Importer(815301076,1909f56bfc062723c751e8b465ee728b)
Start importing Assets/food/forest-place/source/Forest Place/GRND06.JPG using Guid(7d456f3305df64409ab0bd7e5122d83f) Importer(815301076,1909f56bfc062723c751e8b465ee728b)  -> (artifact id: '410e985c88c6ba4f0d77e0333cd9d61e') in 0.467027 seconds 
  Import took 0.479632 seconds .

========================================================================
Received Import Request.
  Time since last request: 0.003392 seconds.
  path: Assets/food/forest-place/source/Forest Place/Forest Place.fbx
  artifactKey: Guid(ecbeffcef837d43d084236581677a8e8) Importer(815301076,1909f56bfc062723c751e8b465ee728b)
Start importing Assets/food/forest-place/source/Forest Place/Forest Place.fbx using Guid(ecbeffcef837d43d084236581677a8e8) Importer(815301076,1909f56bfc062723c751e8b465ee728b)  -> (artifact id: 'a1bf2ff5dc9ac73dae7f527db945c316') in 0.416458 seconds 
  Import took 0.424913 seconds .

========================================================================
Received Import Request.
  Time since last request: 0.001561 seconds.
  path: Assets/food/forest-place/source/Forest Place/Plants_NRM_free.tga
  artifactKey: Guid(2b2c7db1555814e66aa98d430d9ac5a9) Importer(815301076,1909f56bfc062723c751e8b465ee728b)
Start importing Assets/food/forest-place/source/Forest Place/Plants_NRM_free.tga using Guid(2b2c7db1555814e66aa98d430d9ac5a9) Importer(815301076,1909f56bfc062723c751e8b465ee728b)  -> (artifact id: '58417f9c5d50515d8ae13c7e4903d848') in 0.450088 seconds 
  Import took 0.457017 seconds .

========================================================================
Received Import Request.
  Time since last request: 0.002971 seconds.
  path: Assets/food/forest-place/source/Forest Place/Pine5Bole.png
  artifactKey: Guid(01138383fde4d4bfcacab7838432a86c) Importer(815301076,1909f56bfc062723c751e8b465ee728b)
Start importing Assets/food/forest-place/source/Forest Place/Pine5Bole.png using Guid(01138383fde4d4bfcacab7838432a86c) Importer(815301076,1909f56bfc062723c751e8b465ee728b)  -> (artifact id: '36c23e9752c0d00ac8b0747b0e943d9e') in 0.011302 seconds 
  Import took 0.020500 seconds .

========================================================================
Received Import Request.
  Time since last request: 0.000343 seconds.
  path: Assets/food/forest-place/source/Forest Place/Bush_Color1.jpg
  artifactKey: Guid(bab6b4cb854174585bfea2efd324c7b2) Importer(815301076,1909f56bfc062723c751e8b465ee728b)
Start importing Assets/food/forest-place/source/Forest Place/Bush_Color1.jpg using Guid(bab6b4cb854174585bfea2efd324c7b2) Importer(815301076,1909f56bfc062723c751e8b465ee728b)  -> (artifact id: '2271f9f042c5062bf7c015a555df07b8') in 0.010397 seconds 
  Import took 0.018564 seconds .

========================================================================
Received Import Request.
  Time since last request: 0.000412 seconds.
  path: Assets/food/forest-place/source/Forest Place/Plants_SPEC_free.tga
  artifactKey: Guid(9c86f286b33934a04bc2ea8e3d3b303c) Importer(815301076,1909f56bfc062723c751e8b465ee728b)
Start importing Assets/food/forest-place/source/Forest Place/Plants_SPEC_free.tga using Guid(9c86f286b33934a04bc2ea8e3d3b303c) Importer(815301076,1909f56bfc062723c751e8b465ee728b)  -> (artifact id: '2458decce55991f4036dd056ffc63e22') in 0.022066 seconds 
  Import took 0.029962 seconds .

========================================================================
Received Import Request.
  Time since last request: 0.000284 seconds.
  path: Assets/food/forest-place/source/Forest Place/LR_A1DiffuseMap.png
  artifactKey: Guid(00057dd4cc10248d397dac06e428adbc) Importer(815301076,1909f56bfc062723c751e8b465ee728b)
Start importing Assets/food/forest-place/source/Forest Place/LR_A1DiffuseMap.png using Guid(00057dd4cc10248d397dac06e428adbc) Importer(815301076,1909f56bfc062723c751e8b465ee728b)  -> (artifact id: '87bd830e0c6c03c00c5f5f39efde68ba') in 0.014354 seconds 
  Import took 0.023105 seconds .

========================================================================
Received Import Request.
  Time since last request: 0.000283 seconds.
  path: Assets/food/forest-place/source/Forest Place/Second_Bump.jpg
  artifactKey: Guid(a70985b3054f149b7b7fe95c9aec9c69) Importer(815301076,1909f56bfc062723c751e8b465ee728b)
Start importing Assets/food/forest-place/source/Forest Place/Second_Bump.jpg using Guid(a70985b3054f149b7b7fe95c9aec9c69) Importer(815301076,1909f56bfc062723c751e8b465ee728b)  -> (artifact id: 'e78a81f424e979bfaca02447671895cf') in 0.015023 seconds 
  Import took 0.024160 seconds .

========================================================================
Received Import Request.
  Time since last request: 0.000264 seconds.
  path: Assets/food/forest-place/source/Forest Place/rocks_nmap.jpg
  artifactKey: Guid(bacb2965ff3ca4050a14efe65adf9d3e) Importer(815301076,1909f56bfc062723c751e8b465ee728b)
Start importing Assets/food/forest-place/source/Forest Place/rocks_nmap.jpg using Guid(bacb2965ff3ca4050a14efe65adf9d3e) Importer(815301076,1909f56bfc062723c751e8b465ee728b)  -> (artifact id: 'd271f6164b82b70694dfa70aa6e88b14') in 0.010597 seconds 
  Import took 0.018075 seconds .

========================================================================
Received Import Request.
  Time since last request: 0.000243 seconds.
  path: Assets/food/forest-place/source/Forest Place/pine3.tga
  artifactKey: Guid(0668b828188524d3b85fef2f562a2de5) Importer(815301076,1909f56bfc062723c751e8b465ee728b)
Start importing Assets/food/forest-place/source/Forest Place/pine3.tga using Guid(0668b828188524d3b85fef2f562a2de5) Importer(815301076,1909f56bfc062723c751e8b465ee728b)  -> (artifact id: 'b20a8163ae1fb487a8949f82c25946e4') in 0.010531 seconds 
  Import took 0.019830 seconds .

========================================================================
Received Import Request.
  Time since last request: 0.000375 seconds.
  path: Assets/food/forest-place/source/Forest Place/LRx1NormalsMap.jpg
  artifactKey: Guid(92a80e43c12a449ec8036a76fd3146a0) Importer(815301076,1909f56bfc062723c751e8b465ee728b)
Start importing Assets/food/forest-place/source/Forest Place/LRx1NormalsMap.jpg using Guid(92a80e43c12a449ec8036a76fd3146a0) Importer(815301076,1909f56bfc062723c751e8b465ee728b)  -> (artifact id: '38bfda9e32caeea0d4f8f87e653474dd') in 0.009513 seconds 
  Import took 0.016608 seconds .

========================================================================
Received Import Request.
  Time since last request: 0.000352 seconds.
  path: Assets/food/forest-place/source/Forest Place/GRND06B.JPG
  artifactKey: Guid(f71d599eed29f46bd914bb64431fb419) Importer(815301076,1909f56bfc062723c751e8b465ee728b)
Start importing Assets/food/forest-place/source/Forest Place/GRND06B.JPG using Guid(f71d599eed29f46bd914bb64431fb419) Importer(815301076,1909f56bfc062723c751e8b465ee728b)  -> (artifact id: '3aa7b327a858181ca81abc78cbfe2ed8') in 0.017514 seconds 
  Import took 0.024876 seconds .

========================================================================
Received Import Request.
  Time since last request: 0.000378 seconds.
  path: Assets/food/forest-place/source/Forest Place/LRx1Specular.jpg
  artifactKey: Guid(c42d7e20ab12848d393714d18f447021) Importer(815301076,1909f56bfc062723c751e8b465ee728b)
Start importing Assets/food/forest-place/source/Forest Place/LRx1Specular.jpg using Guid(c42d7e20ab12848d393714d18f447021) Importer(815301076,1909f56bfc062723c751e8b465ee728b)  -> (artifact id: 'b08866ae595030d77879395385e2ae1b') in 0.008997 seconds 
  Import took 0.017041 seconds .

========================================================================
Received Import Request.
  Time since last request: 0.000193 seconds.
  path: Assets/food/forest-place/source/Forest Place/LogoDDM-Bottom.jpg
  artifactKey: Guid(7a13cef5c0af14a20b6e70abe0e97d18) Importer(815301076,1909f56bfc062723c751e8b465ee728b)
Start importing Assets/food/forest-place/source/Forest Place/LogoDDM-Bottom.jpg using Guid(7a13cef5c0af14a20b6e70abe0e97d18) Importer(815301076,1909f56bfc062723c751e8b465ee728b)  -> (artifact id: 'fd6f6b583bcf11587e5809fc544ec435') in 0.008232 seconds 
  Import took 0.014706 seconds .

========================================================================
Received Import Request.
  Time since last request: 0.000223 seconds.
  path: Assets/food/forest-place/source/Forest Place/Color_Pino_A1.jpg
  artifactKey: Guid(e1d08075e4ca8406387d149d1d36af3c) Importer(815301076,1909f56bfc062723c751e8b465ee728b)
Start importing Assets/food/forest-place/source/Forest Place/Color_Pino_A1.jpg using Guid(e1d08075e4ca8406387d149d1d36af3c) Importer(815301076,1909f56bfc062723c751e8b465ee728b)  -> (artifact id: '7fcc2b7d7c902667c1138acaa9b97f32') in 0.013128 seconds 
  Import took 0.020985 seconds .

========================================================================
Received Import Request.
  Time since last request: 0.000309 seconds.
  path: Assets/food/forest-place/source/Forest Place/rocks_spec.jpg
  artifactKey: Guid(941a6d1848e8a49d0816560282e84673) Importer(815301076,1909f56bfc062723c751e8b465ee728b)
Start importing Assets/food/forest-place/source/Forest Place/rocks_spec.jpg using Guid(941a6d1848e8a49d0816560282e84673) Importer(815301076,1909f56bfc062723c751e8b465ee728b)  -> (artifact id: '1931e30c433d21254a3152d69ae5b12b') in 0.010606 seconds 
  Import took 0.017835 seconds .

========================================================================
Received Import Request.
  Time since last request: 0.000340 seconds.
  path: Assets/food/forest-place/source/Forest Place/MAskPino_A1.jpg
  artifactKey: Guid(58644b4585c094c5a8418f4155cfe929) Importer(815301076,1909f56bfc062723c751e8b465ee728b)
Start importing Assets/food/forest-place/source/Forest Place/MAskPino_A1.jpg using Guid(58644b4585c094c5a8418f4155cfe929) Importer(815301076,1909f56bfc062723c751e8b465ee728b)  -> (artifact id: 'd6b56c1814f4d10171c3d444145f04d9') in 0.010705 seconds 
  Import took 0.020815 seconds .

========================================================================
Received Import Request.
  Time since last request: 6727.914999 seconds.
  path: Assets/food/ice-lantern/textures
  artifactKey: Guid(a7075eb19862d460da967b3f55f9fbb4) Importer(815301076,1909f56bfc062723c751e8b465ee728b)
Start importing Assets/food/ice-lantern/textures using Guid(a7075eb19862d460da967b3f55f9fbb4) Importer(815301076,1909f56bfc062723c751e8b465ee728b)  -> (artifact id: 'a5c33949d14a16b7b67bcbd6c342dd4f') in 0.047604 seconds 
  Import took 0.233503 seconds .

========================================================================
Received Import Request.
  Time since last request: 66.559216 seconds.
  path: Assets/food/ice-lantern/source/Material.mat
  artifactKey: Guid(d9d054476422049768d99473fbc2053d) Importer(815301076,1909f56bfc062723c751e8b465ee728b)
Start importing Assets/food/ice-lantern/source/Material.mat using Guid(d9d054476422049768d99473fbc2053d) Importer(815301076,1909f56bfc062723c751e8b465ee728b)  -> (artifact id: '01f30b2c03eabaa4e45edc69e61206bb') in 0.342541 seconds 
  Import took 0.433307 seconds .

========================================================================
Received Import Request.
  Time since last request: 4082.913828 seconds.
  path: ProjectSettings/TagManager.asset
  artifactKey: Guid(00000000000000003000000000000000) Importer(815301076,1909f56bfc062723c751e8b465ee728b)
Start importing ProjectSettings/TagManager.asset using Guid(00000000000000003000000000000000) Importer(815301076,1909f56bfc062723c751e8b465ee728b)  -> (artifact id: 'abe81e58ad48870d1e14c4a94dd9b408') in 1.110314 seconds 
  Import took 1.551648 seconds .

========================================================================
Received Prepare
Registering precompiled user dll's ...
Registered in 0.048290 seconds.
Begin MonoManager ReloadAssembly
Native extension for OSXStandalone target not found
Refreshing native plugins compatible for Editor in 6.36 ms, found 7 plugins.
Preloading 1 native plugins for Editor in 7.81 ms.
Mono: successfully reloaded assembly
- Completed reload, in  7.983 seconds
Domain Reload Profiling:
	ReloadAssembly (8002ms)
		BeginReloadAssembly (1503ms)
			ExecutionOrderSort (1ms)
			DisableScriptedObjects (177ms)
			BackupInstance (0ms)
			ReleaseScriptingObjects (1ms)
			CreateAndSetChildDomain (803ms)
		EndReloadAssembly (6271ms)
			LoadAssemblies (693ms)
			RebuildTransferFunctionScriptingTraits (0ms)
			SetupTypeCache (932ms)
			ReleaseScriptCaches (38ms)
			RebuildScriptCaches (96ms)
			SetupLoadedEditorAssemblies (3305ms)
				LogAssemblyErrors (0ms)
				InitializePlatformSupportModulesInManaged (30ms)
				SetLoadedEditorAssemblies (3ms)
				RefreshPlugins (14ms)
				BeforeProcessingInitializeOnLoad (467ms)
				ProcessInitializeOnLoadAttributes (2766ms)
				ProcessInitializeOnLoadMethodAttributes (24ms)
				AfterProcessingInitializeOnLoad (1ms)
				EditorAssembliesLoaded (0ms)
			ExecutionOrderSort2 (0ms)
			AwakeInstancesAfterBackupRestoration (104ms)
Platform modules already initialized, skipping
Shader 'Oculus/OVRMRCameraFrameLit': fallback shader 'Alpha-Diffuse' not found
Refreshing native plugins compatible for Editor in 10.62 ms, found 7 plugins.
Preloading 1 native plugins for Editor in 1.07 ms.
Unloading 4693 Unused Serialized files (Serialized files now loaded: 0)
System memory in use before: 437.6 MB.
System memory in use after: 437.6 MB.

Unloading 63 unused Assets to reduce memory usage. Loaded Objects now: 5734.
Total: 72.393292 ms (FindLiveObjects: 10.945458 ms CreateObjectMapping: 2.753125 ms MarkObjects: 53.509291 ms  DeleteObjects: 5.184250 ms)

AssetImportParameters requested are different than current active one (requested -> active):
  custom:video-decoder-ogg-theora: a1e56fd34408186e4bbccfd4996cb3dc -> 
  custom:container-muxer-webm: aa71ff27fc2769a1b78a27578f13a17b -> 
  custom:container-demuxer-webm: 4f35f7cbe854078d1ac9338744f61a02 -> 
  custom:container-demuxer-ogg: 62fdf1f143b41e24485cea50d1cbac27 -> 
  custom:video-encoder-webm-vp8: eb34c28f22e8b96e1ab97ce403110664 -> 
  custom:framework-osx-AVFoundation: e770b220cccbd017edd2c1fefb359320 -> 
  custom:video-decoder-webm-vp8: 9c59270c3fd7afecdb556c50c9e8de78 -> 
  custom:audio-decoder-ogg-vorbis: bf7c407c2cedff20999df2af8eb42d56 -> 
  custom:audio-encoder-webm-vorbis: bf7c407c2cedff20999df2af8eb42d56 -> 
========================================================================
Received Prepare
Registering precompiled user dll's ...
Registered in 0.016574 seconds.
Begin MonoManager ReloadAssembly
Native extension for OSXStandalone target not found
Refreshing native plugins compatible for Editor in 6.71 ms, found 7 plugins.
Preloading 1 native plugins for Editor in 3.72 ms.
Mono: successfully reloaded assembly
- Completed reload, in  6.010 seconds
Domain Reload Profiling:
	ReloadAssembly (6017ms)
		BeginReloadAssembly (547ms)
			ExecutionOrderSort (0ms)
			DisableScriptedObjects (53ms)
			BackupInstance (0ms)
			ReleaseScriptingObjects (1ms)
			CreateAndSetChildDomain (230ms)
		EndReloadAssembly (5330ms)
			LoadAssemblies (463ms)
			RebuildTransferFunctionScriptingTraits (0ms)
			SetupTypeCache (664ms)
			ReleaseScriptCaches (18ms)
			RebuildScriptCaches (79ms)
			SetupLoadedEditorAssemblies (2938ms)
				LogAssemblyErrors (0ms)
				InitializePlatformSupportModulesInManaged (33ms)
				SetLoadedEditorAssemblies (2ms)
				RefreshPlugins (11ms)
				BeforeProcessingInitializeOnLoad (500ms)
				ProcessInitializeOnLoadAttributes (2359ms)
				ProcessInitializeOnLoadMethodAttributes (32ms)
				AfterProcessingInitializeOnLoad (1ms)
				EditorAssembliesLoaded (1ms)
			ExecutionOrderSort2 (0ms)
			AwakeInstancesAfterBackupRestoration (143ms)
Platform modules already initialized, skipping
Shader 'Oculus/OVRMRCameraFrameLit': fallback shader 'Alpha-Diffuse' not found
Refreshing native plugins compatible for Editor in 1.56 ms, found 7 plugins.
Preloading 1 native plugins for Editor in 0.56 ms.
Unloading 4693 Unused Serialized files (Serialized files now loaded: 0)
System memory in use before: 437.9 MB.
System memory in use after: 437.9 MB.

Unloading 62 unused Assets to reduce memory usage. Loaded Objects now: 5748.
Total: 14.040584 ms (FindLiveObjects: 0.472584 ms CreateObjectMapping: 0.211542 ms MarkObjects: 12.680708 ms  DeleteObjects: 0.674792 ms)

AssetImportParameters requested are different than current active one (requested -> active):
  custom:video-decoder-ogg-theora: a1e56fd34408186e4bbccfd4996cb3dc -> 
  custom:container-muxer-webm: aa71ff27fc2769a1b78a27578f13a17b -> 
  custom:container-demuxer-webm: 4f35f7cbe854078d1ac9338744f61a02 -> 
  custom:container-demuxer-ogg: 62fdf1f143b41e24485cea50d1cbac27 -> 
  custom:video-encoder-webm-vp8: eb34c28f22e8b96e1ab97ce403110664 -> 
  custom:framework-osx-AVFoundation: e770b220cccbd017edd2c1fefb359320 -> 
  custom:video-decoder-webm-vp8: 9c59270c3fd7afecdb556c50c9e8de78 -> 
  custom:audio-decoder-ogg-vorbis: bf7c407c2cedff20999df2af8eb42d56 -> 
  custom:audio-encoder-webm-vorbis: bf7c407c2cedff20999df2af8eb42d56 -> 
========================================================================
Received Prepare
Registering precompiled user dll's ...
Registered in 0.011127 seconds.
Begin MonoManager ReloadAssembly
Native extension for OSXStandalone target not found
Refreshing native plugins compatible for Editor in 3.63 ms, found 7 plugins.
Preloading 1 native plugins for Editor in 0.83 ms.
Mono: successfully reloaded assembly
- Completed reload, in  5.468 seconds
Domain Reload Profiling:
	ReloadAssembly (5470ms)
		BeginReloadAssembly (534ms)
			ExecutionOrderSort (0ms)
			DisableScriptedObjects (60ms)
			BackupInstance (0ms)
			ReleaseScriptingObjects (3ms)
			CreateAndSetChildDomain (231ms)
		EndReloadAssembly (4802ms)
			LoadAssemblies (451ms)
			RebuildTransferFunctionScriptingTraits (0ms)
			SetupTypeCache (611ms)
			ReleaseScriptCaches (39ms)
			RebuildScriptCaches (97ms)
			SetupLoadedEditorAssemblies (2666ms)
				LogAssemblyErrors (0ms)
				InitializePlatformSupportModulesInManaged (19ms)
				SetLoadedEditorAssemblies (1ms)
				RefreshPlugins (5ms)
				BeforeProcessingInitializeOnLoad (373ms)
				ProcessInitializeOnLoadAttributes (2236ms)
				ProcessInitializeOnLoadMethodAttributes (31ms)
				AfterProcessingInitializeOnLoad (1ms)
				EditorAssembliesLoaded (0ms)
			ExecutionOrderSort2 (6ms)
			AwakeInstancesAfterBackupRestoration (98ms)
Platform modules already initialized, skipping
Shader 'Oculus/OVRMRCameraFrameLit': fallback shader 'Alpha-Diffuse' not found
Refreshing native plugins compatible for Editor in 1.58 ms, found 7 plugins.
Preloading 1 native plugins for Editor in 0.73 ms.
Unloading 4693 Unused Serialized files (Serialized files now loaded: 0)
System memory in use before: 438.3 MB.
System memory in use after: 438.3 MB.

Unloading 62 unused Assets to reduce memory usage. Loaded Objects now: 5762.
Total: 21.992583 ms (FindLiveObjects: 2.171416 ms CreateObjectMapping: 0.231250 ms MarkObjects: 18.809500 ms  DeleteObjects: 0.779250 ms)

AssetImportParameters requested are different than current active one (requested -> active):
  custom:video-decoder-ogg-theora: a1e56fd34408186e4bbccfd4996cb3dc -> 
  custom:container-muxer-webm: aa71ff27fc2769a1b78a27578f13a17b -> 
  custom:container-demuxer-webm: 4f35f7cbe854078d1ac9338744f61a02 -> 
  custom:container-demuxer-ogg: 62fdf1f143b41e24485cea50d1cbac27 -> 
  custom:video-encoder-webm-vp8: eb34c28f22e8b96e1ab97ce403110664 -> 
  custom:framework-osx-AVFoundation: e770b220cccbd017edd2c1fefb359320 -> 
  custom:video-decoder-webm-vp8: 9c59270c3fd7afecdb556c50c9e8de78 -> 
  custom:audio-decoder-ogg-vorbis: bf7c407c2cedff20999df2af8eb42d56 -> 
  custom:audio-encoder-webm-vorbis: bf7c407c2cedff20999df2af8eb42d56 -> 
========================================================================
Received Prepare
Registering precompiled user dll's ...
Registered in 0.010464 seconds.
Begin MonoManager ReloadAssembly
Native extension for OSXStandalone target not found
Refreshing native plugins compatible for Editor in 9.59 ms, found 7 plugins.
Preloading 1 native plugins for Editor in 1.37 ms.
Mono: successfully reloaded assembly
- Completed reload, in  5.454 seconds
Domain Reload Profiling:
	ReloadAssembly (5461ms)
		BeginReloadAssembly (513ms)
			ExecutionOrderSort (0ms)
			DisableScriptedObjects (73ms)
			BackupInstance (0ms)
			ReleaseScriptingObjects (1ms)
			CreateAndSetChildDomain (186ms)
		EndReloadAssembly (4813ms)
			LoadAssemblies (473ms)
			RebuildTransferFunctionScriptingTraits (1ms)
			SetupTypeCache (595ms)
			ReleaseScriptCaches (27ms)
			RebuildScriptCaches (80ms)
			SetupLoadedEditorAssemblies (2723ms)
				LogAssemblyErrors (0ms)
				InitializePlatformSupportModulesInManaged (13ms)
				SetLoadedEditorAssemblies (2ms)
				RefreshPlugins (11ms)
				BeforeProcessingInitializeOnLoad (377ms)
				ProcessInitializeOnLoadAttributes (2281ms)
				ProcessInitializeOnLoadMethodAttributes (38ms)
				AfterProcessingInitializeOnLoad (1ms)
				EditorAssembliesLoaded (1ms)
			ExecutionOrderSort2 (0ms)
			AwakeInstancesAfterBackupRestoration (116ms)
Platform modules already initialized, skipping
Shader 'Oculus/OVRMRCameraFrameLit': fallback shader 'Alpha-Diffuse' not found
Refreshing native plugins compatible for Editor in 1.54 ms, found 7 plugins.
Preloading 1 native plugins for Editor in 0.69 ms.
Unloading 4693 Unused Serialized files (Serialized files now loaded: 0)
System memory in use before: 438.4 MB.
System memory in use after: 438.4 MB.

Unloading 62 unused Assets to reduce memory usage. Loaded Objects now: 5776.
Total: 17.575792 ms (FindLiveObjects: 0.578750 ms CreateObjectMapping: 0.210083 ms MarkObjects: 16.230625 ms  DeleteObjects: 0.555292 ms)

AssetImportParameters requested are different than current active one (requested -> active):
  custom:video-decoder-ogg-theora: a1e56fd34408186e4bbccfd4996cb3dc -> 
  custom:container-muxer-webm: aa71ff27fc2769a1b78a27578f13a17b -> 
  custom:container-demuxer-webm: 4f35f7cbe854078d1ac9338744f61a02 -> 
  custom:container-demuxer-ogg: 62fdf1f143b41e24485cea50d1cbac27 -> 
  custom:video-encoder-webm-vp8: eb34c28f22e8b96e1ab97ce403110664 -> 
  custom:framework-osx-AVFoundation: e770b220cccbd017edd2c1fefb359320 -> 
  custom:video-decoder-webm-vp8: 9c59270c3fd7afecdb556c50c9e8de78 -> 
  custom:audio-decoder-ogg-vorbis: bf7c407c2cedff20999df2af8eb42d56 -> 
  custom:audio-encoder-webm-vorbis: bf7c407c2cedff20999df2af8eb42d56 -> 
========================================================================
Received Prepare
Registering precompiled user dll's ...
Registered in 0.012153 seconds.
Begin MonoManager ReloadAssembly
Native extension for OSXStandalone target not found
Refreshing native plugins compatible for Editor in 15.65 ms, found 7 plugins.
Preloading 1 native plugins for Editor in 1.06 ms.
Mono: successfully reloaded assembly
- Completed reload, in  5.201 seconds
Domain Reload Profiling:
	ReloadAssembly (5202ms)
		BeginReloadAssembly (425ms)
			ExecutionOrderSort (0ms)
			DisableScriptedObjects (49ms)
			BackupInstance (0ms)
			ReleaseScriptingObjects (0ms)
			CreateAndSetChildDomain (166ms)
		EndReloadAssembly (4668ms)
			LoadAssemblies (323ms)
			RebuildTransferFunctionScriptingTraits (0ms)
			SetupTypeCache (510ms)
			ReleaseScriptCaches (23ms)
			RebuildScriptCaches (74ms)
			SetupLoadedEditorAssemblies (2816ms)
				LogAssemblyErrors (0ms)
				InitializePlatformSupportModulesInManaged (14ms)
				SetLoadedEditorAssemblies (1ms)
				RefreshPlugins (17ms)
				BeforeProcessingInitializeOnLoad (398ms)
				ProcessInitializeOnLoadAttributes (2357ms)
				ProcessInitializeOnLoadMethodAttributes (26ms)
				AfterProcessingInitializeOnLoad (1ms)
				EditorAssembliesLoaded (1ms)
			ExecutionOrderSort2 (1ms)
			AwakeInstancesAfterBackupRestoration (112ms)
Platform modules already initialized, skipping
Shader 'Oculus/OVRMRCameraFrameLit': fallback shader 'Alpha-Diffuse' not found
Refreshing native plugins compatible for Editor in 2.74 ms, found 7 plugins.
Preloading 1 native plugins for Editor in 0.78 ms.
Unloading 4693 Unused Serialized files (Serialized files now loaded: 0)
System memory in use before: 438.9 MB.
System memory in use after: 438.9 MB.

Unloading 62 unused Assets to reduce memory usage. Loaded Objects now: 5790.
Total: 15.234667 ms (FindLiveObjects: 0.841666 ms CreateObjectMapping: 0.240209 ms MarkObjects: 12.652583 ms  DeleteObjects: 1.499292 ms)

AssetImportParameters requested are different than current active one (requested -> active):
  custom:video-decoder-ogg-theora: a1e56fd34408186e4bbccfd4996cb3dc -> 
  custom:container-muxer-webm: aa71ff27fc2769a1b78a27578f13a17b -> 
  custom:container-demuxer-webm: 4f35f7cbe854078d1ac9338744f61a02 -> 
  custom:container-demuxer-ogg: 62fdf1f143b41e24485cea50d1cbac27 -> 
  custom:video-encoder-webm-vp8: eb34c28f22e8b96e1ab97ce403110664 -> 
  custom:framework-osx-AVFoundation: e770b220cccbd017edd2c1fefb359320 -> 
  custom:video-decoder-webm-vp8: 9c59270c3fd7afecdb556c50c9e8de78 -> 
  custom:audio-decoder-ogg-vorbis: bf7c407c2cedff20999df2af8eb42d56 -> 
  custom:audio-encoder-webm-vorbis: bf7c407c2cedff20999df2af8eb42d56 -> 
========================================================================
Received Prepare
Registering precompiled user dll's ...
Registered in 0.010670 seconds.
Begin MonoManager ReloadAssembly
Native extension for OSXStandalone target not found
Refreshing native plugins compatible for Editor in 3.91 ms, found 7 plugins.
Preloading 1 native plugins for Editor in 1.84 ms.
Mono: successfully reloaded assembly
- Completed reload, in  6.432 seconds
Domain Reload Profiling:
	ReloadAssembly (6436ms)
		BeginReloadAssembly (655ms)
			ExecutionOrderSort (0ms)
			DisableScriptedObjects (51ms)
			BackupInstance (0ms)
			ReleaseScriptingObjects (0ms)
			CreateAndSetChildDomain (321ms)
		EndReloadAssembly (5627ms)
			LoadAssemblies (526ms)
			RebuildTransferFunctionScriptingTraits (0ms)
			SetupTypeCache (787ms)
			ReleaseScriptCaches (39ms)
			RebuildScriptCaches (105ms)
			SetupLoadedEditorAssemblies (3040ms)
				LogAssemblyErrors (0ms)
				InitializePlatformSupportModulesInManaged (18ms)
				SetLoadedEditorAssemblies (2ms)
				RefreshPlugins (6ms)
				BeforeProcessingInitializeOnLoad (473ms)
				ProcessInitializeOnLoadAttributes (2512ms)
				ProcessInitializeOnLoadMethodAttributes (27ms)
				AfterProcessingInitializeOnLoad (1ms)
				EditorAssembliesLoaded (1ms)
			ExecutionOrderSort2 (0ms)
			AwakeInstancesAfterBackupRestoration (104ms)
Platform modules already initialized, skipping
Shader 'Oculus/OVRMRCameraFrameLit': fallback shader 'Alpha-Diffuse' not found
Refreshing native plugins compatible for Editor in 5.07 ms, found 7 plugins.
Preloading 1 native plugins for Editor in 3.49 ms.
Unloading 4693 Unused Serialized files (Serialized files now loaded: 0)
System memory in use before: 439.2 MB.
System memory in use after: 439.2 MB.

Unloading 62 unused Assets to reduce memory usage. Loaded Objects now: 5804.
Total: 29.780708 ms (FindLiveObjects: 2.226417 ms CreateObjectMapping: 0.346208 ms MarkObjects: 25.645625 ms  DeleteObjects: 1.561000 ms)

AssetImportParameters requested are different than current active one (requested -> active):
  custom:video-decoder-ogg-theora: a1e56fd34408186e4bbccfd4996cb3dc -> 
  custom:container-muxer-webm: aa71ff27fc2769a1b78a27578f13a17b -> 
  custom:container-demuxer-webm: 4f35f7cbe854078d1ac9338744f61a02 -> 
  custom:container-demuxer-ogg: 62fdf1f143b41e24485cea50d1cbac27 -> 
  custom:video-encoder-webm-vp8: eb34c28f22e8b96e1ab97ce403110664 -> 
  custom:framework-osx-AVFoundation: e770b220cccbd017edd2c1fefb359320 -> 
  custom:video-decoder-webm-vp8: 9c59270c3fd7afecdb556c50c9e8de78 -> 
  custom:audio-decoder-ogg-vorbis: bf7c407c2cedff20999df2af8eb42d56 -> 
  custom:audio-encoder-webm-vorbis: bf7c407c2cedff20999df2af8eb42d56 -> 
========================================================================
Received Prepare
Registering precompiled user dll's ...
Registered in 0.010560 seconds.
Begin MonoManager ReloadAssembly
Native extension for OSXStandalone target not found
Refreshing native plugins compatible for Editor in 7.05 ms, found 7 plugins.
Preloading 1 native plugins for Editor in 0.83 ms.
Mono: successfully reloaded assembly
- Completed reload, in  4.999 seconds
Domain Reload Profiling:
	ReloadAssembly (5000ms)
		BeginReloadAssembly (527ms)
			ExecutionOrderSort (0ms)
			DisableScriptedObjects (43ms)
			BackupInstance (0ms)
			ReleaseScriptingObjects (0ms)
			CreateAndSetChildDomain (276ms)
		EndReloadAssembly (4365ms)
			LoadAssemblies (410ms)
			RebuildTransferFunctionScriptingTraits (0ms)
			SetupTypeCache (511ms)
			ReleaseScriptCaches (28ms)
			RebuildScriptCaches (87ms)
			SetupLoadedEditorAssemblies (2277ms)
				LogAssemblyErrors (0ms)
				InitializePlatformSupportModulesInManaged (11ms)
				SetLoadedEditorAssemblies (1ms)
				RefreshPlugins (8ms)
				BeforeProcessingInitializeOnLoad (402ms)
				ProcessInitializeOnLoadAttributes (1831ms)
				ProcessInitializeOnLoadMethodAttributes (23ms)
				AfterProcessingInitializeOnLoad (1ms)
				EditorAssembliesLoaded (0ms)
			ExecutionOrderSort2 (0ms)
			AwakeInstancesAfterBackupRestoration (125ms)
Platform modules already initialized, skipping
Shader 'Oculus/OVRMRCameraFrameLit': fallback shader 'Alpha-Diffuse' not found
Refreshing native plugins compatible for Editor in 6.95 ms, found 7 plugins.
Preloading 1 native plugins for Editor in 0.90 ms.
Unloading 4693 Unused Serialized files (Serialized files now loaded: 0)
System memory in use before: 439.5 MB.
System memory in use after: 439.5 MB.

Unloading 62 unused Assets to reduce memory usage. Loaded Objects now: 5818.
Total: 13.268291 ms (FindLiveObjects: 0.658875 ms CreateObjectMapping: 0.242125 ms MarkObjects: 11.790917 ms  DeleteObjects: 0.575208 ms)

AssetImportParameters requested are different than current active one (requested -> active):
  custom:video-decoder-ogg-theora: a1e56fd34408186e4bbccfd4996cb3dc -> 
  custom:container-muxer-webm: aa71ff27fc2769a1b78a27578f13a17b -> 
  custom:container-demuxer-webm: 4f35f7cbe854078d1ac9338744f61a02 -> 
  custom:container-demuxer-ogg: 62fdf1f143b41e24485cea50d1cbac27 -> 
  custom:video-encoder-webm-vp8: eb34c28f22e8b96e1ab97ce403110664 -> 
  custom:framework-osx-AVFoundation: e770b220cccbd017edd2c1fefb359320 -> 
  custom:video-decoder-webm-vp8: 9c59270c3fd7afecdb556c50c9e8de78 -> 
  custom:audio-decoder-ogg-vorbis: bf7c407c2cedff20999df2af8eb42d56 -> 
  custom:audio-encoder-webm-vorbis: bf7c407c2cedff20999df2af8eb42d56 -> 
========================================================================
Received Import Request.
  Time since last request: 12054.571563 seconds.
  path: Assets/sfx/Mario Coin Sound - Sound Effect (HD).wav
  artifactKey: Guid(477b4c9fa19c64d0097a47c5fefd582e) Importer(815301076,1909f56bfc062723c751e8b465ee728b)
Start importing Assets/sfx/Mario Coin Sound - Sound Effect (HD).wav using Guid(477b4c9fa19c64d0097a47c5fefd582e) Importer(815301076,1909f56bfc062723c751e8b465ee728b)  -> (artifact id: '4e90429a213b90ad9a916800430263a2') in 1.607726 seconds 
  Import took 2.159958 seconds .

========================================================================
Received Import Request.
  Time since last request: 746.478429 seconds.
  path: Assets/sfx/Bgm game.wav
  artifactKey: Guid(7094f66f7800e4ebb8f2fcfa3c37dd7c) Importer(815301076,1909f56bfc062723c751e8b465ee728b)
Start importing Assets/sfx/Bgm game.wav using Guid(7094f66f7800e4ebb8f2fcfa3c37dd7c) Importer(815301076,1909f56bfc062723c751e8b465ee728b)  -> (artifact id: '2556ba7c7515ae250b01f3b8c4f70771') in 0.495533 seconds 
  Import took 0.670215 seconds .

