Unity Editor version:    2020.3.17f1 (a4537701e4ab)
Branch:                  2020.3/staging
Build type:              Release
Batch mode:              YES
macOS version:           Version 11.6 (Build 20G165)
Darwin version:          20.6.0
Architecture:            x86_64
Running under Rosetta:   YES
Available memory:        8192 MB
Using pre-set license
Pro License: NO

COMMAND LINE ARGUMENTS:
/Applications/Unity/Unity.app/Contents/MacOS/Unity
-adb2
-batchMode
-noUpm
-name
AssetImportWorker0
-projectPath
/Users/gnnchya/Documents/VRFinalAssignment/FinalVRProject
-logFile
Logs/AssetImportWorker0.log
-srvPort
59149
Successfully changed project path to: /Users/gnnchya/Documents/VRFinalAssignment/FinalVRProject
/Users/gnnchya/Documents/VRFinalAssignment/FinalVRProject
Using Asset Import Pipeline V2.
Refreshing native plugins compatible for Editor in 101.35 ms, found 3 plugins.
Preloading 1 native plugins for Editor in 21.37 ms.
Initialize engine version: 2020.3.17f1 (a4537701e4ab)
[Subsystems] Discovering subsystems at path /Applications/Unity/Unity.app/Contents/Resources/UnitySubsystems
[Subsystems] Discovering subsystems at path /Users/gnnchya/Documents/VRFinalAssignment/FinalVRProject/Assets
GfxDevice: creating device client; threaded=0
2021-11-24 03:10:41.317 Unity[71405:6607486] (null) preferred device: Apple M1 (high power)
2021-11-24 03:10:41.317 Unity[71405:6607486] Metal devices available: 1
2021-11-24 03:10:41.317 Unity[71405:6607486] 0: Apple M1 (high power)
2021-11-24 03:10:41.318 Unity[71405:6607486] Using device Apple M1 (high power)
Initializing Metal device caps: Apple M1
Initialize mono
Mono path[0] = '/Applications/Unity/Unity.app/Contents/Managed'
Mono path[1] = '/Applications/Unity/Unity.app/Contents/MonoBleedingEdge/lib/mono/unityjit'
Mono config path = '/Applications/Unity/Unity.app/Contents/MonoBleedingEdge/etc'
Using monoOptions --debugger-agent=transport=dt_socket,embedding=1,server=y,suspend=n,address=127.0.0.1:56405
Begin MonoManager ReloadAssembly
Registering precompiled unity dll's ...
Register platform support module: /Applications/Unity/Unity.app/Contents/PlaybackEngines/MacStandaloneSupport/UnityEditor.OSXStandalone.Extensions.dll
Registered in 0.001841 seconds.
Native extension for OSXStandalone target not found
Refreshing native plugins compatible for Editor in 81.94 ms, found 3 plugins.
Preloading 1 native plugins for Editor in 0.40 ms.
Mono: successfully reloaded assembly
- Completed reload, in  2.216 seconds
Domain Reload Profiling:
	ReloadAssembly (2217ms)
		BeginReloadAssembly (113ms)
			ExecutionOrderSort (0ms)
			DisableScriptedObjects (0ms)
			BackupInstance (0ms)
			ReleaseScriptingObjects (0ms)
			CreateAndSetChildDomain (4ms)
		EndReloadAssembly (1026ms)
			LoadAssemblies (109ms)
			RebuildTransferFunctionScriptingTraits (0ms)
			SetupTypeCache (195ms)
			ReleaseScriptCaches (0ms)
			RebuildScriptCaches (46ms)
			SetupLoadedEditorAssemblies (620ms)
				LogAssemblyErrors (0ms)
				InitializePlatformSupportModulesInManaged (10ms)
				SetLoadedEditorAssemblies (0ms)
				RefreshPlugins (82ms)
				BeforeProcessingInitializeOnLoad (81ms)
				ProcessInitializeOnLoadAttributes (319ms)
				ProcessInitializeOnLoadMethodAttributes (126ms)
				AfterProcessingInitializeOnLoad (0ms)
				EditorAssembliesLoaded (1ms)
			ExecutionOrderSort2 (0ms)
			AwakeInstancesAfterBackupRestoration (0ms)
Platform modules already initialized, skipping
Registering precompiled user dll's ...
Registered in 0.006680 seconds.
Begin MonoManager ReloadAssembly
Native extension for OSXStandalone target not found
Refreshing native plugins compatible for Editor in 89.69 ms, found 3 plugins.
Preloading 1 native plugins for Editor in 0.39 ms.
Mono: successfully reloaded assembly
Refresh completed but there are assets queued up for importing. Check for code that modifies assets which gets called after OnPostProcessAllAssets. Additional details in Log file
UnityEngine.StackTraceUtility:ExtractStackTrace () (at /Users/bokken/buildslave/unity/build/Runtime/Export/Scripting/StackTrace.cs:37)
UnityEditor.XR.OpenXR.Features.FeatureHelpersInternal:GetAllFeatureInfo (UnityEditor.BuildTargetGroup) (at Library/PackageCache/com.unity.xr.openxr@1.2.3/Editor/FeatureSupport/FeatureHelpers.cs:188)
UnityEditor.XR.OpenXR.Features.OpenXRFeatureSetManager:SetFeaturesFromEnabledFeatureSets (UnityEditor.BuildTargetGroup) (at Library/PackageCache/com.unity.xr.openxr@1.2.3/Editor/FeatureSupport/OpenXRFeatureSetManager.cs:344)
UnityEditor.XR.OpenXR.Features.OpenXRFeatureSetManager:InitializeFeatureSets (bool) (at Library/PackageCache/com.unity.xr.openxr@1.2.3/Editor/FeatureSupport/OpenXRFeatureSetManager.cs:274)
UnityEditor.XR.OpenXR.Features.OpenXRFeatureSetManager:InitializeFeatureSets () (at Library/PackageCache/com.unity.xr.openxr@1.2.3/Editor/FeatureSupport/OpenXRFeatureSetManager.cs:190)
UnityEditor.XR.OpenXR.Features.OpenXRFeatureSetManager:OnAssemblyReload () (at Library/PackageCache/com.unity.xr.openxr@1.2.3/Editor/FeatureSupport/OpenXRFeatureSetManager.cs:30)
UnityEditor.AssemblyReloadEvents:OnAfterAssemblyReload () (at /Users/bokken/buildslave/unity/build/Editor/Mono/AssemblyReloadEvents.cs:22)

[/Users/bokken/buildslave/unity/build/Runtime/Export/Scripting/StackTrace.cs line 37]

Assets queued for import after Refresh completed:
	Assets/XR/Settings/OpenXR Package Settings.asset
RefreshInfo: StopAssetImportingV2(NoUpdateAssetOptions) scanfilter: 
RefreshProfiler: Total: 0.000ms
Assertion failed on expression: 'm_Ptr'
UnityEngine.StackTraceUtility:ExtractStackTrace () (at /Users/bokken/buildslave/unity/build/Runtime/Export/Scripting/StackTrace.cs:37)
UnityEditor.XR.OpenXR.Features.FeatureHelpersInternal:GetAllFeatureInfo (UnityEditor.BuildTargetGroup) (at Library/PackageCache/com.unity.xr.openxr@1.2.3/Editor/FeatureSupport/FeatureHelpers.cs:188)
UnityEditor.XR.OpenXR.Features.OpenXRFeatureSetManager:SetFeaturesFromEnabledFeatureSets (UnityEditor.BuildTargetGroup) (at Library/PackageCache/com.unity.xr.openxr@1.2.3/Editor/FeatureSupport/OpenXRFeatureSetManager.cs:344)
UnityEditor.XR.OpenXR.Features.OpenXRFeatureSetManager:InitializeFeatureSets (bool) (at Library/PackageCache/com.unity.xr.openxr@1.2.3/Editor/FeatureSupport/OpenXRFeatureSetManager.cs:274)
UnityEditor.XR.OpenXR.Features.OpenXRFeatureSetManager:InitializeFeatureSets () (at Library/PackageCache/com.unity.xr.openxr@1.2.3/Editor/FeatureSupport/OpenXRFeatureSetManager.cs:190)
UnityEditor.XR.OpenXR.Features.OpenXRFeatureSetManager:OnAssemblyReload () (at Library/PackageCache/com.unity.xr.openxr@1.2.3/Editor/FeatureSupport/OpenXRFeatureSetManager.cs:30)
UnityEditor.AssemblyReloadEvents:OnAfterAssemblyReload () (at /Users/bokken/buildslave/unity/build/Editor/Mono/AssemblyReloadEvents.cs:22)

[/Users/bokken/buildslave/unity/build/Runtime/Export/Scripting/StackTrace.cs line 37]

Refresh completed but there are assets queued up for importing. Check for code that modifies assets which gets called after OnPostProcessAllAssets. Additional details in Log file
UnityEngine.StackTraceUtility:ExtractStackTrace () (at /Users/bokken/buildslave/unity/build/Runtime/Export/Scripting/StackTrace.cs:37)
UnityEditor.XR.OpenXR.Features.FeatureHelpersInternal:GetAllFeatureInfo (UnityEditor.BuildTargetGroup) (at Library/PackageCache/com.unity.xr.openxr@1.2.3/Editor/FeatureSupport/FeatureHelpers.cs:188)
UnityEditor.XR.OpenXR.Features.OpenXRFeatureSetManager:SetFeaturesFromEnabledFeatureSets (UnityEditor.BuildTargetGroup) (at Library/PackageCache/com.unity.xr.openxr@1.2.3/Editor/FeatureSupport/OpenXRFeatureSetManager.cs:344)
UnityEditor.XR.OpenXR.Features.OpenXRFeatureSetManager:InitializeFeatureSets (bool) (at Library/PackageCache/com.unity.xr.openxr@1.2.3/Editor/FeatureSupport/OpenXRFeatureSetManager.cs:274)
UnityEditor.XR.OpenXR.Features.OpenXRFeatureSetManager:InitializeFeatureSets () (at Library/PackageCache/com.unity.xr.openxr@1.2.3/Editor/FeatureSupport/OpenXRFeatureSetManager.cs:190)
UnityEditor.XR.OpenXR.Features.OpenXRFeatureSetManager:OnAssemblyReload () (at Library/PackageCache/com.unity.xr.openxr@1.2.3/Editor/FeatureSupport/OpenXRFeatureSetManager.cs:30)
UnityEditor.AssemblyReloadEvents:OnAfterAssemblyReload () (at /Users/bokken/buildslave/unity/build/Editor/Mono/AssemblyReloadEvents.cs:22)

[/Users/bokken/buildslave/unity/build/Runtime/Export/Scripting/StackTrace.cs line 37]

Assets queued for import after Refresh completed:
	Assets/XR/Settings/OpenXR Package Settings.asset
RefreshInfo: StopAssetImportingV2(NoUpdateAssetOptions) scanfilter: 
RefreshProfiler: Total: 0.000ms
Assertion failed on expression: 'm_Ptr'
UnityEngine.StackTraceUtility:ExtractStackTrace () (at /Users/bokken/buildslave/unity/build/Runtime/Export/Scripting/StackTrace.cs:37)
UnityEditor.XR.OpenXR.Features.FeatureHelpersInternal:GetAllFeatureInfo (UnityEditor.BuildTargetGroup) (at Library/PackageCache/com.unity.xr.openxr@1.2.3/Editor/FeatureSupport/FeatureHelpers.cs:188)
UnityEditor.XR.OpenXR.Features.OpenXRFeatureSetManager:SetFeaturesFromEnabledFeatureSets (UnityEditor.BuildTargetGroup) (at Library/PackageCache/com.unity.xr.openxr@1.2.3/Editor/FeatureSupport/OpenXRFeatureSetManager.cs:344)
UnityEditor.XR.OpenXR.Features.OpenXRFeatureSetManager:InitializeFeatureSets (bool) (at Library/PackageCache/com.unity.xr.openxr@1.2.3/Editor/FeatureSupport/OpenXRFeatureSetManager.cs:274)
UnityEditor.XR.OpenXR.Features.OpenXRFeatureSetManager:InitializeFeatureSets () (at Library/PackageCache/com.unity.xr.openxr@1.2.3/Editor/FeatureSupport/OpenXRFeatureSetManager.cs:190)
UnityEditor.XR.OpenXR.Features.OpenXRFeatureSetManager:OnAssemblyReload () (at Library/PackageCache/com.unity.xr.openxr@1.2.3/Editor/FeatureSupport/OpenXRFeatureSetManager.cs:30)
UnityEditor.AssemblyReloadEvents:OnAfterAssemblyReload () (at /Users/bokken/buildslave/unity/build/Editor/Mono/AssemblyReloadEvents.cs:22)

[/Users/bokken/buildslave/unity/build/Runtime/Export/Scripting/StackTrace.cs line 37]

Refresh completed but there are assets queued up for importing. Check for code that modifies assets which gets called after OnPostProcessAllAssets. Additional details in Log file
UnityEngine.StackTraceUtility:ExtractStackTrace () (at /Users/bokken/buildslave/unity/build/Runtime/Export/Scripting/StackTrace.cs:37)
UnityEditor.XR.OpenXR.Features.FeatureHelpersInternal:GetAllFeatureInfo (UnityEditor.BuildTargetGroup) (at Library/PackageCache/com.unity.xr.openxr@1.2.3/Editor/FeatureSupport/FeatureHelpers.cs:188)
UnityEditor.XR.OpenXR.Features.OpenXRFeatureSetManager:SetFeaturesFromEnabledFeatureSets (UnityEditor.BuildTargetGroup) (at Library/PackageCache/com.unity.xr.openxr@1.2.3/Editor/FeatureSupport/OpenXRFeatureSetManager.cs:344)
UnityEditor.XR.OpenXR.Features.OpenXRFeatureSetManager:InitializeFeatureSets (bool) (at Library/PackageCache/com.unity.xr.openxr@1.2.3/Editor/FeatureSupport/OpenXRFeatureSetManager.cs:274)
UnityEditor.XR.OpenXR.Features.OpenXRFeatureSetManager:InitializeFeatureSets () (at Library/PackageCache/com.unity.xr.openxr@1.2.3/Editor/FeatureSupport/OpenXRFeatureSetManager.cs:190)
UnityEditor.XR.OpenXR.Features.OpenXRFeatureSetManager:OnAssemblyReload () (at Library/PackageCache/com.unity.xr.openxr@1.2.3/Editor/FeatureSupport/OpenXRFeatureSetManager.cs:30)
UnityEditor.AssemblyReloadEvents:OnAfterAssemblyReload () (at /Users/bokken/buildslave/unity/build/Editor/Mono/AssemblyReloadEvents.cs:22)

[/Users/bokken/buildslave/unity/build/Runtime/Export/Scripting/StackTrace.cs line 37]

Assets queued for import after Refresh completed:
	Assets/XR/Settings/OpenXR Package Settings.asset
RefreshInfo: StopAssetImportingV2(NoUpdateAssetOptions) scanfilter: 
RefreshProfiler: Total: 0.000ms
Assertion failed on expression: 'm_Ptr'
UnityEngine.StackTraceUtility:ExtractStackTrace () (at /Users/bokken/buildslave/unity/build/Runtime/Export/Scripting/StackTrace.cs:37)
UnityEditor.XR.OpenXR.Features.FeatureHelpersInternal:GetAllFeatureInfo (UnityEditor.BuildTargetGroup) (at Library/PackageCache/com.unity.xr.openxr@1.2.3/Editor/FeatureSupport/FeatureHelpers.cs:188)
UnityEditor.XR.OpenXR.Features.OpenXRFeatureSetManager:SetFeaturesFromEnabledFeatureSets (UnityEditor.BuildTargetGroup) (at Library/PackageCache/com.unity.xr.openxr@1.2.3/Editor/FeatureSupport/OpenXRFeatureSetManager.cs:344)
UnityEditor.XR.OpenXR.Features.OpenXRFeatureSetManager:InitializeFeatureSets (bool) (at Library/PackageCache/com.unity.xr.openxr@1.2.3/Editor/FeatureSupport/OpenXRFeatureSetManager.cs:274)
UnityEditor.XR.OpenXR.Features.OpenXRFeatureSetManager:InitializeFeatureSets () (at Library/PackageCache/com.unity.xr.openxr@1.2.3/Editor/FeatureSupport/OpenXRFeatureSetManager.cs:190)
UnityEditor.XR.OpenXR.Features.OpenXRFeatureSetManager:OnAssemblyReload () (at Library/PackageCache/com.unity.xr.openxr@1.2.3/Editor/FeatureSupport/OpenXRFeatureSetManager.cs:30)
UnityEditor.AssemblyReloadEvents:OnAfterAssemblyReload () (at /Users/bokken/buildslave/unity/build/Editor/Mono/AssemblyReloadEvents.cs:22)

[/Users/bokken/buildslave/unity/build/Runtime/Export/Scripting/StackTrace.cs line 37]

Refresh completed but there are assets queued up for importing. Check for code that modifies assets which gets called after OnPostProcessAllAssets. Additional details in Log file
UnityEngine.StackTraceUtility:ExtractStackTrace () (at /Users/bokken/buildslave/unity/build/Runtime/Export/Scripting/StackTrace.cs:37)
UnityEditor.XR.OpenXR.Features.FeatureHelpersInternal:GetAllFeatureInfo (UnityEditor.BuildTargetGroup) (at Library/PackageCache/com.unity.xr.openxr@1.2.3/Editor/FeatureSupport/FeatureHelpers.cs:188)
UnityEditor.XR.OpenXR.Features.OpenXRFeatureSetManager:SetFeaturesFromEnabledFeatureSets (UnityEditor.BuildTargetGroup) (at Library/PackageCache/com.unity.xr.openxr@1.2.3/Editor/FeatureSupport/OpenXRFeatureSetManager.cs:344)
UnityEditor.XR.OpenXR.Features.OpenXRFeatureSetManager:InitializeFeatureSets (bool) (at Library/PackageCache/com.unity.xr.openxr@1.2.3/Editor/FeatureSupport/OpenXRFeatureSetManager.cs:274)
UnityEditor.XR.OpenXR.Features.OpenXRFeatureSetManager:InitializeFeatureSets () (at Library/PackageCache/com.unity.xr.openxr@1.2.3/Editor/FeatureSupport/OpenXRFeatureSetManager.cs:190)
UnityEditor.XR.OpenXR.Features.OpenXRFeatureSetManager:OnAssemblyReload () (at Library/PackageCache/com.unity.xr.openxr@1.2.3/Editor/FeatureSupport/OpenXRFeatureSetManager.cs:30)
UnityEditor.AssemblyReloadEvents:OnAfterAssemblyReload () (at /Users/bokken/buildslave/unity/build/Editor/Mono/AssemblyReloadEvents.cs:22)

[/Users/bokken/buildslave/unity/build/Runtime/Export/Scripting/StackTrace.cs line 37]

Assets queued for import after Refresh completed:
	Assets/XR/Settings/OpenXR Package Settings.asset
RefreshInfo: StopAssetImportingV2(NoUpdateAssetOptions) scanfilter: 
RefreshProfiler: Total: 0.000ms
Assertion failed on expression: 'm_Ptr'
UnityEngine.StackTraceUtility:ExtractStackTrace () (at /Users/bokken/buildslave/unity/build/Runtime/Export/Scripting/StackTrace.cs:37)
UnityEditor.XR.OpenXR.Features.FeatureHelpersInternal:GetAllFeatureInfo (UnityEditor.BuildTargetGroup) (at Library/PackageCache/com.unity.xr.openxr@1.2.3/Editor/FeatureSupport/FeatureHelpers.cs:188)
UnityEditor.XR.OpenXR.Features.OpenXRFeatureSetManager:SetFeaturesFromEnabledFeatureSets (UnityEditor.BuildTargetGroup) (at Library/PackageCache/com.unity.xr.openxr@1.2.3/Editor/FeatureSupport/OpenXRFeatureSetManager.cs:344)
UnityEditor.XR.OpenXR.Features.OpenXRFeatureSetManager:InitializeFeatureSets (bool) (at Library/PackageCache/com.unity.xr.openxr@1.2.3/Editor/FeatureSupport/OpenXRFeatureSetManager.cs:274)
UnityEditor.XR.OpenXR.Features.OpenXRFeatureSetManager:InitializeFeatureSets () (at Library/PackageCache/com.unity.xr.openxr@1.2.3/Editor/FeatureSupport/OpenXRFeatureSetManager.cs:190)
UnityEditor.XR.OpenXR.Features.OpenXRFeatureSetManager:OnAssemblyReload () (at Library/PackageCache/com.unity.xr.openxr@1.2.3/Editor/FeatureSupport/OpenXRFeatureSetManager.cs:30)
UnityEditor.AssemblyReloadEvents:OnAfterAssemblyReload () (at /Users/bokken/buildslave/unity/build/Editor/Mono/AssemblyReloadEvents.cs:22)

[/Users/bokken/buildslave/unity/build/Runtime/Export/Scripting/StackTrace.cs line 37]

Refresh completed but there are assets queued up for importing. Check for code that modifies assets which gets called after OnPostProcessAllAssets. Additional details in Log file
UnityEngine.StackTraceUtility:ExtractStackTrace () (at /Users/bokken/buildslave/unity/build/Runtime/Export/Scripting/StackTrace.cs:37)
UnityEditor.XR.OpenXR.Features.FeatureHelpersInternal:GetAllFeatureInfo (UnityEditor.BuildTargetGroup) (at Library/PackageCache/com.unity.xr.openxr@1.2.3/Editor/FeatureSupport/FeatureHelpers.cs:188)
UnityEditor.XR.OpenXR.Features.OpenXRFeatureSetManager:SetFeaturesFromEnabledFeatureSets (UnityEditor.BuildTargetGroup) (at Library/PackageCache/com.unity.xr.openxr@1.2.3/Editor/FeatureSupport/OpenXRFeatureSetManager.cs:344)
UnityEditor.XR.OpenXR.Features.OpenXRFeatureSetManager:InitializeFeatureSets (bool) (at Library/PackageCache/com.unity.xr.openxr@1.2.3/Editor/FeatureSupport/OpenXRFeatureSetManager.cs:274)
UnityEditor.XR.OpenXR.Features.OpenXRFeatureSetManager:InitializeFeatureSets () (at Library/PackageCache/com.unity.xr.openxr@1.2.3/Editor/FeatureSupport/OpenXRFeatureSetManager.cs:190)
UnityEditor.XR.OpenXR.Features.OpenXRFeatureSetManager:OnAssemblyReload () (at Library/PackageCache/com.unity.xr.openxr@1.2.3/Editor/FeatureSupport/OpenXRFeatureSetManager.cs:30)
UnityEditor.AssemblyReloadEvents:OnAfterAssemblyReload () (at /Users/bokken/buildslave/unity/build/Editor/Mono/AssemblyReloadEvents.cs:22)

[/Users/bokken/buildslave/unity/build/Runtime/Export/Scripting/StackTrace.cs line 37]

Assets queued for import after Refresh completed:
	Assets/XR/Settings/OpenXR Package Settings.asset
RefreshInfo: StopAssetImportingV2(NoUpdateAssetOptions) scanfilter: 
RefreshProfiler: Total: 0.000ms
Assertion failed on expression: 'm_Ptr'
UnityEngine.StackTraceUtility:ExtractStackTrace () (at /Users/bokken/buildslave/unity/build/Runtime/Export/Scripting/StackTrace.cs:37)
UnityEditor.XR.OpenXR.Features.FeatureHelpersInternal:GetAllFeatureInfo (UnityEditor.BuildTargetGroup) (at Library/PackageCache/com.unity.xr.openxr@1.2.3/Editor/FeatureSupport/FeatureHelpers.cs:188)
UnityEditor.XR.OpenXR.Features.OpenXRFeatureSetManager:SetFeaturesFromEnabledFeatureSets (UnityEditor.BuildTargetGroup) (at Library/PackageCache/com.unity.xr.openxr@1.2.3/Editor/FeatureSupport/OpenXRFeatureSetManager.cs:344)
UnityEditor.XR.OpenXR.Features.OpenXRFeatureSetManager:InitializeFeatureSets (bool) (at Library/PackageCache/com.unity.xr.openxr@1.2.3/Editor/FeatureSupport/OpenXRFeatureSetManager.cs:274)
UnityEditor.XR.OpenXR.Features.OpenXRFeatureSetManager:InitializeFeatureSets () (at Library/PackageCache/com.unity.xr.openxr@1.2.3/Editor/FeatureSupport/OpenXRFeatureSetManager.cs:190)
UnityEditor.XR.OpenXR.Features.OpenXRFeatureSetManager:OnAssemblyReload () (at Library/PackageCache/com.unity.xr.openxr@1.2.3/Editor/FeatureSupport/OpenXRFeatureSetManager.cs:30)
UnityEditor.AssemblyReloadEvents:OnAfterAssemblyReload () (at /Users/bokken/buildslave/unity/build/Editor/Mono/AssemblyReloadEvents.cs:22)

[/Users/bokken/buildslave/unity/build/Runtime/Export/Scripting/StackTrace.cs line 37]

Refresh completed but there are assets queued up for importing. Check for code that modifies assets which gets called after OnPostProcessAllAssets. Additional details in Log file
UnityEngine.StackTraceUtility:ExtractStackTrace () (at /Users/bokken/buildslave/unity/build/Runtime/Export/Scripting/StackTrace.cs:37)
UnityEditor.XR.OpenXR.Features.FeatureHelpersInternal:GetAllFeatureInfo (UnityEditor.BuildTargetGroup) (at Library/PackageCache/com.unity.xr.openxr@1.2.3/Editor/FeatureSupport/FeatureHelpers.cs:188)
UnityEditor.XR.OpenXR.Features.OpenXRFeatureSetManager:SetFeaturesFromEnabledFeatureSets (UnityEditor.BuildTargetGroup) (at Library/PackageCache/com.unity.xr.openxr@1.2.3/Editor/FeatureSupport/OpenXRFeatureSetManager.cs:344)
UnityEditor.XR.OpenXR.Features.OpenXRFeatureSetManager:InitializeFeatureSets (bool) (at Library/PackageCache/com.unity.xr.openxr@1.2.3/Editor/FeatureSupport/OpenXRFeatureSetManager.cs:274)
UnityEditor.XR.OpenXR.Features.OpenXRFeatureSetManager:InitializeFeatureSets () (at Library/PackageCache/com.unity.xr.openxr@1.2.3/Editor/FeatureSupport/OpenXRFeatureSetManager.cs:190)
UnityEditor.XR.OpenXR.Features.OpenXRFeatureSetManager:OnAssemblyReload () (at Library/PackageCache/com.unity.xr.openxr@1.2.3/Editor/FeatureSupport/OpenXRFeatureSetManager.cs:30)
UnityEditor.AssemblyReloadEvents:OnAfterAssemblyReload () (at /Users/bokken/buildslave/unity/build/Editor/Mono/AssemblyReloadEvents.cs:22)

[/Users/bokken/buildslave/unity/build/Runtime/Export/Scripting/StackTrace.cs line 37]

Assets queued for import after Refresh completed:
	Assets/XR/Settings/OpenXR Package Settings.asset
RefreshInfo: StopAssetImportingV2(NoUpdateAssetOptions) scanfilter: 
RefreshProfiler: Total: 0.000ms
Assertion failed on expression: 'm_Ptr'
UnityEngine.StackTraceUtility:ExtractStackTrace () (at /Users/bokken/buildslave/unity/build/Runtime/Export/Scripting/StackTrace.cs:37)
UnityEditor.XR.OpenXR.Features.FeatureHelpersInternal:GetAllFeatureInfo (UnityEditor.BuildTargetGroup) (at Library/PackageCache/com.unity.xr.openxr@1.2.3/Editor/FeatureSupport/FeatureHelpers.cs:188)
UnityEditor.XR.OpenXR.Features.OpenXRFeatureSetManager:SetFeaturesFromEnabledFeatureSets (UnityEditor.BuildTargetGroup) (at Library/PackageCache/com.unity.xr.openxr@1.2.3/Editor/FeatureSupport/OpenXRFeatureSetManager.cs:344)
UnityEditor.XR.OpenXR.Features.OpenXRFeatureSetManager:InitializeFeatureSets (bool) (at Library/PackageCache/com.unity.xr.openxr@1.2.3/Editor/FeatureSupport/OpenXRFeatureSetManager.cs:274)
UnityEditor.XR.OpenXR.Features.OpenXRFeatureSetManager:InitializeFeatureSets () (at Library/PackageCache/com.unity.xr.openxr@1.2.3/Editor/FeatureSupport/OpenXRFeatureSetManager.cs:190)
UnityEditor.XR.OpenXR.Features.OpenXRFeatureSetManager:OnAssemblyReload () (at Library/PackageCache/com.unity.xr.openxr@1.2.3/Editor/FeatureSupport/OpenXRFeatureSetManager.cs:30)
UnityEditor.AssemblyReloadEvents:OnAfterAssemblyReload () (at /Users/bokken/buildslave/unity/build/Editor/Mono/AssemblyReloadEvents.cs:22)

[/Users/bokken/buildslave/unity/build/Runtime/Export/Scripting/StackTrace.cs line 37]

Refresh completed but there are assets queued up for importing. Check for code that modifies assets which gets called after OnPostProcessAllAssets. Additional details in Log file
UnityEngine.StackTraceUtility:ExtractStackTrace () (at /Users/bokken/buildslave/unity/build/Runtime/Export/Scripting/StackTrace.cs:37)
UnityEditor.XR.OpenXR.Features.FeatureHelpersInternal:GetAllFeatureInfo (UnityEditor.BuildTargetGroup) (at Library/PackageCache/com.unity.xr.openxr@1.2.3/Editor/FeatureSupport/FeatureHelpers.cs:188)
UnityEditor.XR.OpenXR.Features.OpenXRFeatureSetManager:SetFeaturesFromEnabledFeatureSets (UnityEditor.BuildTargetGroup) (at Library/PackageCache/com.unity.xr.openxr@1.2.3/Editor/FeatureSupport/OpenXRFeatureSetManager.cs:344)
UnityEditor.XR.OpenXR.Features.OpenXRFeatureSetManager:InitializeFeatureSets (bool) (at Library/PackageCache/com.unity.xr.openxr@1.2.3/Editor/FeatureSupport/OpenXRFeatureSetManager.cs:274)
UnityEditor.XR.OpenXR.Features.OpenXRFeatureSetManager:InitializeFeatureSets () (at Library/PackageCache/com.unity.xr.openxr@1.2.3/Editor/FeatureSupport/OpenXRFeatureSetManager.cs:190)
UnityEditor.XR.OpenXR.Features.OpenXRFeatureSetManager:OnAssemblyReload () (at Library/PackageCache/com.unity.xr.openxr@1.2.3/Editor/FeatureSupport/OpenXRFeatureSetManager.cs:30)
UnityEditor.AssemblyReloadEvents:OnAfterAssemblyReload () (at /Users/bokken/buildslave/unity/build/Editor/Mono/AssemblyReloadEvents.cs:22)

[/Users/bokken/buildslave/unity/build/Runtime/Export/Scripting/StackTrace.cs line 37]

Assets queued for import after Refresh completed:
	Assets/XR/Settings/OpenXR Package Settings.asset
RefreshInfo: StopAssetImportingV2(NoUpdateAssetOptions) scanfilter: 
RefreshProfiler: Total: 0.000ms
Assertion failed on expression: 'm_Ptr'
UnityEngine.StackTraceUtility:ExtractStackTrace () (at /Users/bokken/buildslave/unity/build/Runtime/Export/Scripting/StackTrace.cs:37)
UnityEditor.XR.OpenXR.Features.FeatureHelpersInternal:GetAllFeatureInfo (UnityEditor.BuildTargetGroup) (at Library/PackageCache/com.unity.xr.openxr@1.2.3/Editor/FeatureSupport/FeatureHelpers.cs:188)
UnityEditor.XR.OpenXR.Features.OpenXRFeatureSetManager:SetFeaturesFromEnabledFeatureSets (UnityEditor.BuildTargetGroup) (at Library/PackageCache/com.unity.xr.openxr@1.2.3/Editor/FeatureSupport/OpenXRFeatureSetManager.cs:344)
UnityEditor.XR.OpenXR.Features.OpenXRFeatureSetManager:InitializeFeatureSets (bool) (at Library/PackageCache/com.unity.xr.openxr@1.2.3/Editor/FeatureSupport/OpenXRFeatureSetManager.cs:274)
UnityEditor.XR.OpenXR.Features.OpenXRFeatureSetManager:InitializeFeatureSets () (at Library/PackageCache/com.unity.xr.openxr@1.2.3/Editor/FeatureSupport/OpenXRFeatureSetManager.cs:190)
UnityEditor.XR.OpenXR.Features.OpenXRFeatureSetManager:OnAssemblyReload () (at Library/PackageCache/com.unity.xr.openxr@1.2.3/Editor/FeatureSupport/OpenXRFeatureSetManager.cs:30)
UnityEditor.AssemblyReloadEvents:OnAfterAssemblyReload () (at /Users/bokken/buildslave/unity/build/Editor/Mono/AssemblyReloadEvents.cs:22)

[/Users/bokken/buildslave/unity/build/Runtime/Export/Scripting/StackTrace.cs line 37]

Refresh completed but there are assets queued up for importing. Check for code that modifies assets which gets called after OnPostProcessAllAssets. Additional details in Log file
UnityEngine.StackTraceUtility:ExtractStackTrace () (at /Users/bokken/buildslave/unity/build/Runtime/Export/Scripting/StackTrace.cs:37)
UnityEditor.XR.OpenXR.Features.FeatureHelpersInternal:GetAllFeatureInfo (UnityEditor.BuildTargetGroup) (at Library/PackageCache/com.unity.xr.openxr@1.2.3/Editor/FeatureSupport/FeatureHelpers.cs:188)
UnityEditor.XR.OpenXR.Features.OpenXRFeatureSetManager:SetFeaturesFromEnabledFeatureSets (UnityEditor.BuildTargetGroup) (at Library/PackageCache/com.unity.xr.openxr@1.2.3/Editor/FeatureSupport/OpenXRFeatureSetManager.cs:344)
UnityEditor.XR.OpenXR.Features.OpenXRFeatureSetManager:InitializeFeatureSets (bool) (at Library/PackageCache/com.unity.xr.openxr@1.2.3/Editor/FeatureSupport/OpenXRFeatureSetManager.cs:274)
UnityEditor.XR.OpenXR.Features.OpenXRFeatureSetManager:InitializeFeatureSets () (at Library/PackageCache/com.unity.xr.openxr@1.2.3/Editor/FeatureSupport/OpenXRFeatureSetManager.cs:190)
UnityEditor.XR.OpenXR.Features.OpenXRFeatureSetManager:OnAssemblyReload () (at Library/PackageCache/com.unity.xr.openxr@1.2.3/Editor/FeatureSupport/OpenXRFeatureSetManager.cs:30)
UnityEditor.AssemblyReloadEvents:OnAfterAssemblyReload () (at /Users/bokken/buildslave/unity/build/Editor/Mono/AssemblyReloadEvents.cs:22)

[/Users/bokken/buildslave/unity/build/Runtime/Export/Scripting/StackTrace.cs line 37]

Assets queued for import after Refresh completed:
	Assets/XR/Settings/OpenXR Package Settings.asset
RefreshInfo: StopAssetImportingV2(NoUpdateAssetOptions) scanfilter: 
RefreshProfiler: Total: 0.000ms
Assertion failed on expression: 'm_Ptr'
UnityEngine.StackTraceUtility:ExtractStackTrace () (at /Users/bokken/buildslave/unity/build/Runtime/Export/Scripting/StackTrace.cs:37)
UnityEditor.XR.OpenXR.Features.FeatureHelpersInternal:GetAllFeatureInfo (UnityEditor.BuildTargetGroup) (at Library/PackageCache/com.unity.xr.openxr@1.2.3/Editor/FeatureSupport/FeatureHelpers.cs:188)
UnityEditor.XR.OpenXR.Features.OpenXRFeatureSetManager:SetFeaturesFromEnabledFeatureSets (UnityEditor.BuildTargetGroup) (at Library/PackageCache/com.unity.xr.openxr@1.2.3/Editor/FeatureSupport/OpenXRFeatureSetManager.cs:344)
UnityEditor.XR.OpenXR.Features.OpenXRFeatureSetManager:InitializeFeatureSets (bool) (at Library/PackageCache/com.unity.xr.openxr@1.2.3/Editor/FeatureSupport/OpenXRFeatureSetManager.cs:274)
UnityEditor.XR.OpenXR.Features.OpenXRFeatureSetManager:InitializeFeatureSets () (at Library/PackageCache/com.unity.xr.openxr@1.2.3/Editor/FeatureSupport/OpenXRFeatureSetManager.cs:190)
UnityEditor.XR.OpenXR.Features.OpenXRFeatureSetManager:OnAssemblyReload () (at Library/PackageCache/com.unity.xr.openxr@1.2.3/Editor/FeatureSupport/OpenXRFeatureSetManager.cs:30)
UnityEditor.AssemblyReloadEvents:OnAfterAssemblyReload () (at /Users/bokken/buildslave/unity/build/Editor/Mono/AssemblyReloadEvents.cs:22)

[/Users/bokken/buildslave/unity/build/Runtime/Export/Scripting/StackTrace.cs line 37]

Refresh completed but there are assets queued up for importing. Check for code that modifies assets which gets called after OnPostProcessAllAssets. Additional details in Log file
UnityEngine.StackTraceUtility:ExtractStackTrace () (at /Users/bokken/buildslave/unity/build/Runtime/Export/Scripting/StackTrace.cs:37)
UnityEditor.XR.OpenXR.Features.FeatureHelpersInternal:GetAllFeatureInfo (UnityEditor.BuildTargetGroup) (at Library/PackageCache/com.unity.xr.openxr@1.2.3/Editor/FeatureSupport/FeatureHelpers.cs:188)
UnityEditor.XR.OpenXR.Features.OpenXRFeatureSetManager:SetFeaturesFromEnabledFeatureSets (UnityEditor.BuildTargetGroup) (at Library/PackageCache/com.unity.xr.openxr@1.2.3/Editor/FeatureSupport/OpenXRFeatureSetManager.cs:344)
UnityEditor.XR.OpenXR.Features.OpenXRFeatureSetManager:InitializeFeatureSets (bool) (at Library/PackageCache/com.unity.xr.openxr@1.2.3/Editor/FeatureSupport/OpenXRFeatureSetManager.cs:274)
UnityEditor.XR.OpenXR.Features.OpenXRFeatureSetManager:InitializeFeatureSets () (at Library/PackageCache/com.unity.xr.openxr@1.2.3/Editor/FeatureSupport/OpenXRFeatureSetManager.cs:190)
UnityEditor.XR.OpenXR.Features.OpenXRFeatureSetManager:OnAssemblyReload () (at Library/PackageCache/com.unity.xr.openxr@1.2.3/Editor/FeatureSupport/OpenXRFeatureSetManager.cs:30)
UnityEditor.AssemblyReloadEvents:OnAfterAssemblyReload () (at /Users/bokken/buildslave/unity/build/Editor/Mono/AssemblyReloadEvents.cs:22)

[/Users/bokken/buildslave/unity/build/Runtime/Export/Scripting/StackTrace.cs line 37]

Assets queued for import after Refresh completed:
	Assets/XR/Settings/OpenXR Package Settings.asset
RefreshInfo: StopAssetImportingV2(NoUpdateAssetOptions) scanfilter: 
RefreshProfiler: Total: 0.000ms
Assertion failed on expression: 'm_Ptr'
UnityEngine.StackTraceUtility:ExtractStackTrace () (at /Users/bokken/buildslave/unity/build/Runtime/Export/Scripting/StackTrace.cs:37)
UnityEditor.XR.OpenXR.Features.FeatureHelpersInternal:GetAllFeatureInfo (UnityEditor.BuildTargetGroup) (at Library/PackageCache/com.unity.xr.openxr@1.2.3/Editor/FeatureSupport/FeatureHelpers.cs:188)
UnityEditor.XR.OpenXR.Features.OpenXRFeatureSetManager:SetFeaturesFromEnabledFeatureSets (UnityEditor.BuildTargetGroup) (at Library/PackageCache/com.unity.xr.openxr@1.2.3/Editor/FeatureSupport/OpenXRFeatureSetManager.cs:344)
UnityEditor.XR.OpenXR.Features.OpenXRFeatureSetManager:InitializeFeatureSets (bool) (at Library/PackageCache/com.unity.xr.openxr@1.2.3/Editor/FeatureSupport/OpenXRFeatureSetManager.cs:274)
UnityEditor.XR.OpenXR.Features.OpenXRFeatureSetManager:InitializeFeatureSets () (at Library/PackageCache/com.unity.xr.openxr@1.2.3/Editor/FeatureSupport/OpenXRFeatureSetManager.cs:190)
UnityEditor.XR.OpenXR.Features.OpenXRFeatureSetManager:OnAssemblyReload () (at Library/PackageCache/com.unity.xr.openxr@1.2.3/Editor/FeatureSupport/OpenXRFeatureSetManager.cs:30)
UnityEditor.AssemblyReloadEvents:OnAfterAssemblyReload () (at /Users/bokken/buildslave/unity/build/Editor/Mono/AssemblyReloadEvents.cs:22)

[/Users/bokken/buildslave/unity/build/Runtime/Export/Scripting/StackTrace.cs line 37]

- Completed reload, in  3.723 seconds
Domain Reload Profiling:
	ReloadAssembly (3725ms)
		BeginReloadAssembly (283ms)
			ExecutionOrderSort (0ms)
			DisableScriptedObjects (33ms)
			BackupInstance (0ms)
			ReleaseScriptingObjects (0ms)
			CreateAndSetChildDomain (45ms)
		EndReloadAssembly (3343ms)
			LoadAssemblies (239ms)
			RebuildTransferFunctionScriptingTraits (0ms)
			SetupTypeCache (454ms)
			ReleaseScriptCaches (1ms)
			RebuildScriptCaches (86ms)
			SetupLoadedEditorAssemblies (2057ms)
				LogAssemblyErrors (0ms)
				InitializePlatformSupportModulesInManaged (11ms)
				SetLoadedEditorAssemblies (0ms)
				RefreshPlugins (90ms)
				BeforeProcessingInitializeOnLoad (218ms)
				ProcessInitializeOnLoadAttributes (1718ms)
				ProcessInitializeOnLoadMethodAttributes (18ms)
				AfterProcessingInitializeOnLoad (1ms)
				EditorAssembliesLoaded (0ms)
			ExecutionOrderSort2 (0ms)
			AwakeInstancesAfterBackupRestoration (34ms)
Platform modules already initialized, skipping
Validating Project structure ... 0.015192 seconds.
Shader import version has changed; will reimport all shaders...
Upgrading shader files ...0.038471 seconds.
Application.AssetDatabase Initial Script Refresh Start
Refresh completed but there are assets queued up for importing. Check for code that modifies assets which gets called after OnPostProcessAllAssets. Additional details in Log file

Assets queued for import after Refresh completed:
	Assets/XR/Settings/OpenXR Package Settings.asset
RefreshInfo: InitialScriptRefreshV2(NoUpdateAssetOptions) scanfilter:  ... 1 filters
RefreshProfiler: Total: 0.000ms
Application.AssetDatabase Initial Script Refresh End
Application.AssetDatabase.Refresh Start
Application.AssetDatabase.Refresh End
Refresh completed but there are assets queued up for importing. Check for code that modifies assets which gets called after OnPostProcessAllAssets. Additional details in Log file

Assets queued for import after Refresh completed:
	Assets/XR/Settings/OpenXR Package Settings.asset
RefreshInfo: StopAssetImportingV2(ForceSynchronousImport) scanfilter: 
RefreshProfiler: Total: 0.000ms
Launching external process: /Applications/Unity/Unity.app/Contents/Tools/UnityShaderCompiler
Launched and connected shader compiler UnityShaderCompiler after 0.03 seconds
Initializing Unity extensions:
========================================================================
Worker process is ready to serve import requests
Refreshing native plugins compatible for Editor in 0.98 ms, found 3 plugins.
Preloading 1 native plugins for Editor in 0.42 ms.
Unloading 4186 Unused Serialized files (Serialized files now loaded: 0)
System memory in use before: 364.2 MB.
System memory in use after: 363.4 MB.

Unloading 419 unused Assets to reduce memory usage. Loaded Objects now: 4707.
Total: 4.649542 ms (FindLiveObjects: 0.411458 ms CreateObjectMapping: 0.116542 ms MarkObjects: 3.261709 ms  DeleteObjects: 0.858500 ms)

AssetImportParameters requested are different than current active one (requested -> active):
  custom:video-decoder-ogg-theora: a1e56fd34408186e4bbccfd4996cb3dc -> 
  custom:container-muxer-webm: aa71ff27fc2769a1b78a27578f13a17b -> 
  custom:container-demuxer-webm: 4f35f7cbe854078d1ac9338744f61a02 -> 
  custom:container-demuxer-ogg: 62fdf1f143b41e24485cea50d1cbac27 -> 
  custom:video-encoder-webm-vp8: eb34c28f22e8b96e1ab97ce403110664 -> 
  custom:framework-osx-AVFoundation: e770b220cccbd017edd2c1fefb359320 -> 
  custom:video-decoder-webm-vp8: 9c59270c3fd7afecdb556c50c9e8de78 -> 
  custom:audio-decoder-ogg-vorbis: bf7c407c2cedff20999df2af8eb42d56 -> 
  custom:audio-encoder-webm-vorbis: bf7c407c2cedff20999df2af8eb42d56 -> 
========================================================================
Received Import Request.
  path: Assets/Conifers [BOTD]/Render Pipeline Support/Built-in RP/CTI Runtime Components/PF CTI Windzone.prefab
  artifactKey: Guid(eaf383cb55cf38f448529df28e28abba) Importer(815301076,1909f56bfc062723c751e8b465ee728b)
Start importing Assets/Conifers [BOTD]/Render Pipeline Support/Built-in RP/CTI Runtime Components/PF CTI Windzone.prefab using Guid(eaf383cb55cf38f448529df28e28abba) Importer(815301076,1909f56bfc062723c751e8b465ee728b)  -> (artifact id: '01f9ff2c483f7c5f4457b9dcf91f5a0b') in 0.614121 seconds 
  Import took 0.625445 seconds .

AssetImportWorkerClient::OnTransportError - code=2 error=End of file
